[34m % [39m[2mCoverage report from [22m[33mv8[39m
-------------------|---------|----------|---------|---------|-------------------
File               | % Stmts | % Branch | % Funcs | % Lines | Uncovered Line #s 
-------------------|---------|----------|---------|---------|-------------------
All files          |     100 |      100 |     100 |     100 |                   
 auth/components   |     100 |      100 |     100 |     100 |                   
  LoginForm.tsx    |     100 |      100 |     100 |     100 |                   
 auth/contexts     |     100 |      100 |     100 |     100 |                   
  AuthContext.tsx  |     100 |      100 |     100 |     100 |                   
 auth/graphql      |     100 |      100 |     100 |     100 |                   
  mutations.ts     |     100 |      100 |     100 |     100 |                   
  queries.ts       |     100 |      100 |     100 |     100 |                   
 auth/hooks        |     100 |      100 |     100 |     100 |                   
  useAuth.ts       |     100 |      100 |     100 |     100 |                   
  useLogin.ts      |     100 |      100 |     100 |     100 |                   
  useLogout.ts     |     100 |      100 |     100 |     100 |                   
 auth/pages        |     100 |      100 |     100 |     100 |                   
  LoginPage.tsx    |     100 |      100 |     100 |     100 |                   
 auth/providers    |     100 |      100 |     100 |     100 |                   
  AuthProvider.tsx |     100 |      100 |     100 |     100 |                   
 auth/services     |     100 |      100 |     100 |     100 |                   
  ...oordinator.ts |     100 |      100 |     100 |     100 |                   
 auth/utils        |     100 |      100 |     100 |     100 |                   
  ...ccessToken.ts |     100 |      100 |     100 |     100 |                   
 auth/validation   |     100 |      100 |     100 |     100 |                   
  ...FormSchema.ts |     100 |      100 |     100 |     100 |                   
 common/api/apollo |     100 |      100 |     100 |     100 |                   
  ...olloClient.ts |     100 |      100 |     100 |     100 |                   
 ...i/apollo/links |     100 |      100 |     100 |     100 |                   
  ...LoggerLink.ts |     100 |      100 |     100 |     100 |                   
  ...hErrorLink.ts |     100 |      100 |     100 |     100 |                   
 ...ollo/providers |     100 |      100 |     100 |     100 |                   
  ...oProvider.tsx |     100 |      100 |     100 |     100 |                   
 ...rLoaderOverlay |     100 |      100 |     100 |     100 |                   
  ...erOverlay.tsx |     100 |      100 |     100 |     100 |                   
 ...ponents/Button |     100 |      100 |     100 |     100 |                   
  ...TopButton.tsx |     100 |      100 |     100 |     100 |                   
 ...EllipsisButton |     100 |      100 |     100 |     100 |                   
  ...sisButton.tsx |     100 |      100 |     100 |     100 |                   
 .../PrimaryButton |     100 |      100 |     100 |     100 |                   
  ...aryButton.tsx |     100 |      100 |     100 |     100 |                   
 ...BackgroundCard |     100 |      100 |     100 |     100 |                   
  ...roundCard.tsx |     100 |      100 |     100 |     100 |                   
  ...dSkeleton.tsx |     100 |      100 |     100 |     100 |                   
 .../Card/FormCard |     100 |      100 |     100 |     100 |                   
  AppCard.tsx      |     100 |      100 |     100 |     100 |                   
 ...s/ConfirmModal |     100 |      100 |     100 |     100 |                   
  ConfirmModal.tsx |     100 |      100 |     100 |     100 |                   
 ...nts/EmptyState |     100 |      100 |     100 |     100 |                   
  EmptyState.tsx   |     100 |      100 |     100 |     100 |                   
 ...ents/ErrorPage |     100 |      100 |     100 |     100 |                   
  ErrorPage.tsx    |     100 |      100 |     100 |     100 |                   
 ...ponents/Header |     100 |      100 |     100 |     100 |                   
  Header.tsx       |     100 |      100 |     100 |     100 |                   
 ...CenteredLayout |     100 |      100 |     100 |     100 |                   
  ...redLayout.tsx |     100 |      100 |     100 |     100 |                   
 ...uts/PageLayout |     100 |      100 |     100 |     100 |                   
  PageLayout.tsx   |     100 |      100 |     100 |     100 |                   
 ...onents/Routers |     100 |      100 |     100 |     100 |                   
  AppRouter.tsx    |     100 |      100 |     100 |     100 |                   
  PrivateRoute.tsx |     100 |      100 |     100 |     100 |                   
  guards.tsx       |     100 |      100 |     100 |     100 |                   
  registry.ts      |     100 |      100 |     100 |     100 |                   
 ...ponents/Shadow |     100 |      100 |     100 |     100 |                   
  Shadow.tsx       |     100 |      100 |     100 |     100 |                   
 ...ypography/Text |     100 |      100 |     100 |     100 |                   
  AppText.tsx      |     100 |      100 |     100 |     100 |                   
 ...pography/Title |     100 |      100 |     100 |     100 |                   
  AppTitle.tsx     |     100 |      100 |     100 |     100 |                   
 common/config     |     100 |      100 |     100 |     100 |                   
  config.ts        |     100 |      100 |     100 |     100 |                   
  ...atedConfig.ts |     100 |      100 |     100 |     100 |                   
  ...iredEnvVar.ts |     100 |      100 |     100 |     100 |                   
 common/contexts   |     100 |      100 |     100 |     100 |                   
  ToastContext.tsx |     100 |      100 |     100 |     100 |                   
 common/hooks      |     100 |      100 |     100 |     100 |                   
  useIsMobile.ts   |     100 |      100 |     100 |     100 |                   
  ...Background.ts |     100 |      100 |     100 |     100 |                   
  useToast.ts      |     100 |      100 |     100 |     100 |                   
 common/providers  |     100 |      100 |     100 |     100 |                   
  AppProvider.tsx  |     100 |      100 |     100 |     100 |                   
  ...eProvider.tsx |     100 |      100 |     100 |     100 |                   
  ...tProvider.tsx |     100 |      100 |     100 |     100 |                   
 common/utils      |     100 |      100 |     100 |     100 |                   
  ...onentStack.ts |     100 |      100 |     100 |     100 |                   
  ...afeContext.ts |     100 |      100 |     100 |     100 |                   
  ...tErrorCode.ts |     100 |      100 |     100 |     100 |                   
  handleResult.ts  |     100 |      100 |     100 |     100 |                   
  ...eToMessage.ts |     100 |      100 |     100 |     100 |                   
  ...ReactError.ts |     100 |      100 |     100 |     100 |                   
 logger            |     100 |      100 |     100 |     100 |                   
  constants.ts     |     100 |      100 |     100 |     100 |                   
 .../ErrorBoundary |     100 |      100 |     100 |     100 |                   
  ...rBoundary.tsx |     100 |      100 |     100 |     100 |                   
 logger/context    |     100 |      100 |     100 |     100 |                   
  ...ntextStore.ts |     100 |      100 |     100 |     100 |                   
 logger/graphql    |     100 |      100 |     100 |     100 |                   
  mutations.ts     |     100 |      100 |     100 |     100 |                   
 logger/hooks      |     100 |      100 |     100 |     100 |                   
  ...teTracking.ts |     100 |      100 |     100 |     100 |                   
 logger/providers  |     100 |      100 |     100 |     100 |                   
  ...tProvider.tsx |     100 |      100 |     100 |     100 |                   
  ...rProvider.tsx |     100 |      100 |     100 |     100 |                   
 logger/services   |     100 |      100 |     100 |     100 |                   
  ...rTransport.ts |     100 |      100 |     100 |     100 |                   
  ...rOperation.ts |     100 |      100 |     100 |     100 |                   
  ...eueService.ts |     100 |      100 |     100 |     100 |                   
  ...ateLimiter.ts |     100 |      100 |     100 |     100 |                   
  ...tryService.ts |     100 |      100 |     100 |     100 |                   
  LoggerService.ts |     100 |      100 |     100 |     100 |                   
 logger/utils      |     100 |      100 |     100 |     100 |                   
  createLogger.ts  |     100 |      100 |     100 |     100 |                   
  ...ngerObject.ts |     100 |      100 |     100 |     100 |                   
  isObject.ts      |     100 |      100 |     100 |     100 |                   
  ...alizeError.ts |     100 |      100 |     100 |     100 |                   
  ...ForLogging.ts |     100 |      100 |     100 |     100 |                   
  shouldLog.ts     |     100 |      100 |     100 |     100 |                   
 ...entWeatherCard |     100 |      100 |     100 |     100 |                   
  ...atherCard.tsx |     100 |      100 |     100 |     100 |                   
 .../DailyForecast |     100 |      100 |     100 |     100 |                   
  ...yForecast.tsx |     100 |      100 |     100 |     100 |                   
 ...HourlyForecast |     100 |      100 |     100 |     100 |                   
  ...yForecast.tsx |     100 |      100 |     100 |     100 |                   
 ...nents/InfoGrid |     100 |      100 |     100 |     100 |                   
  InfoGrid.tsx     |     100 |      100 |     100 |     100 |                   
 ...etails/graphql |     100 |      100 |     100 |     100 |                   
  queries.ts       |     100 |      100 |     100 |     100 |                   
 ...rDetails/hooks |     100 |      100 |     100 |     100 |                   
  ...ityWeather.ts |     100 |      100 |     100 |     100 |                   
 ...rDetails/pages |     100 |      100 |     100 |     100 |                   
  ...tailsPage.tsx |     100 |      100 |     100 |     100 |                   
 ...ts/AddCityForm |     100 |      100 |     100 |     100 |                   
  AddCityForm.tsx  |     100 |      100 |     100 |     100 |                   
 ...tiesControlBar |     100 |      100 |     100 |     100 |                   
  ...sControls.tsx |     100 |      100 |     100 |     100 |                   
 ...nts/CitiesList |     100 |      100 |     100 |     100 |                   
  CitiesList.tsx   |     100 |      100 |     100 |     100 |                   
 ...nents/CityCard |     100 |      100 |     100 |     100 |                   
  CityCard.tsx     |     100 |      100 |     100 |     100 |                   
 ...tingCityLayout |     100 |      100 |     100 |     100 |                   
  ...ityLayout.tsx |     100 |      100 |     100 |     100 |                   
 ...recast/graphql |     100 |      100 |     100 |     100 |                   
  mutations.ts     |     100 |      100 |     100 |     100 |                   
  queries.ts       |     100 |      100 |     100 |     100 |                   
 ...Forecast/hooks |     100 |      100 |     100 |     100 |                   
  useAddCity.ts    |     100 |      100 |     100 |     100 |                   
  ...ddCityForm.ts |     100 |      100 |     100 |     100 |                   
  ...sPaginated.ts |     100 |      100 |     100 |     100 |                   
  ...ityActions.ts |     100 |      100 |     100 |     100 |                   
  useCityByName.ts |     100 |      100 |     100 |     100 |                   
  useCitySearch.ts |     100 |      100 |     100 |     100 |                   
  ...eAllCities.ts |     100 |      100 |     100 |     100 |                   
  useRemoveCity.ts |     100 |      100 |     100 |     100 |                   
  ...tingParams.ts |     100 |      100 |     100 |     100 |                   
  ...gglePinned.ts |     100 |      100 |     100 |     100 |                   
 ...Forecast/pages |     100 |      100 |     100 |     100 |                   
  CitiesPage.tsx   |     100 |      100 |     100 |     100 |                   
 ...ecast/services |     100 |      100 |     100 |     100 |                   
  CityService.ts   |     100 |      100 |     100 |     100 |                   
 ...Forecast/utils |     100 |      100 |     100 |     100 |                   
  getNextDays.ts   |     100 |      100 |     100 |     100 |                   
  ...Background.ts |     100 |      100 |     100 |     100 |                   
-------------------|---------|----------|---------|---------|-------------------
