{"/Users/Yana/Documents/weather_forecast/server/src/modules/auth/constants.ts": {"path":"/Users/Yana/Documents/weather_forecast/server/src/modules/auth/constants.ts","statementMap":{"0":{"start":{"line":1,"column":0},"end":{"line":1,"column":45}},"1":{"start":{"line":3,"column":13},"end":{"line":3,"column":41}},"2":{"start":{"line":4,"column":13},"end":{"line":4,"column":36}},"3":{"start":{"line":5,"column":13},"end":{"line":5,"column":48}},"4":{"start":{"line":6,"column":13},"end":{"line":6,"column":37}},"5":{"start":{"line":8,"column":0},"end":{"line":8,"column":null}},"6":{"start":{"line":9,"column":2},"end":{"line":9,"column":null}},"7":{"start":{"line":10,"column":2},"end":{"line":10,"column":null}},"8":{"start":{"line":13,"column":13},"end":{"line":17,"column":2}}},"fnMap":{"0":{"name":"(anonymous_0)","decl":{"start":{"line":8,"column":0},"end":{"line":8,"column":12}},"loc":{"start":{"line":8,"column":28},"end":{"line":11,"column":1}}}},"branchMap":{"0":{"loc":{"start":{"line":8,"column":12},"end":{"line":8,"column":null}},"type":"binary-expr","locations":[{"start":{"line":8,"column":12},"end":{"line":8,"column":28}},{"start":{"line":8,"column":28},"end":{"line":8,"column":null}}]}},"s":{"0":9,"1":9,"2":9,"3":9,"4":9,"5":9,"6":9,"7":9,"8":9},"f":{"0":9},"b":{"0":[9,9]}}
,"/Users/Yana/Documents/weather_forecast/server/src/modules/auth/types.ts": {"path":"/Users/Yana/Documents/weather_forecast/server/src/modules/auth/types.ts","statementMap":{"0":{"start":{"line":4,"column":0},"end":{"line":4,"column":null}},"1":{"start":{"line":5,"column":2},"end":{"line":5,"column":null}},"2":{"start":{"line":6,"column":2},"end":{"line":6,"column":null}},"3":{"start":{"line":9,"column":0},"end":{"line":9,"column":null}},"4":{"start":{"line":10,"column":2},"end":{"line":10,"column":null}},"5":{"start":{"line":11,"column":2},"end":{"line":11,"column":null}}},"fnMap":{"0":{"name":"(anonymous_0)","decl":{"start":{"line":4,"column":0},"end":{"line":4,"column":12}},"loc":{"start":{"line":4,"column":21},"end":{"line":7,"column":1}}},"1":{"name":"(anonymous_1)","decl":{"start":{"line":9,"column":0},"end":{"line":9,"column":12}},"loc":{"start":{"line":9,"column":21},"end":{"line":12,"column":1}}}},"branchMap":{"0":{"loc":{"start":{"line":4,"column":12},"end":{"line":4,"column":null}},"type":"binary-expr","locations":[{"start":{"line":4,"column":12},"end":{"line":4,"column":21}},{"start":{"line":4,"column":21},"end":{"line":4,"column":null}}]},"1":{"loc":{"start":{"line":9,"column":12},"end":{"line":9,"column":null}},"type":"binary-expr","locations":[{"start":{"line":9,"column":12},"end":{"line":9,"column":21}},{"start":{"line":9,"column":21},"end":{"line":9,"column":null}}]}},"s":{"0":10,"1":10,"2":10,"3":10,"4":10,"5":10},"f":{"0":10,"1":10},"b":{"0":[10,10],"1":[10,10]}}
,"/Users/Yana/Documents/weather_forecast/server/src/modules/auth/guards/access-jwt.guard.ts": {"path":"/Users/Yana/Documents/weather_forecast/server/src/modules/auth/guards/access-jwt.guard.ts","statementMap":{"0":{"start":{"line":1,"column":0},"end":{"line":1,"column":44}},"1":{"start":{"line":2,"column":0},"end":{"line":2,"column":48}},"2":{"start":{"line":3,"column":0},"end":{"line":3,"column":40}},"3":{"start":{"line":6,"column":0},"end":{"line":6,"column":56}},"4":{"start":{"line":9,"column":7},"end":{"line":24,"column":null}},"5":{"start":{"line":11,"column":4},"end":{"line":11,"column":61}},"6":{"start":{"line":12,"column":4},"end":{"line":12,"column":54}},"7":{"start":{"line":16,"column":4},"end":{"line":16,"column":71}},"8":{"start":{"line":20,"column":4},"end":{"line":22,"column":5}},"9":{"start":{"line":21,"column":6},"end":{"line":21,"column":44}},"10":{"start":{"line":9,"column":13},"end":{"line":9,"column":27}},"11":{"start":{"line":9,"column":13},"end":{"line":24,"column":null}}},"fnMap":{"0":{"name":"(anonymous_1)","decl":{"start":{"line":10,"column":12},"end":{"line":10,"column":20}},"loc":{"start":{"line":10,"column":33},"end":{"line":13,"column":3}}},"1":{"name":"(anonymous_2)","decl":{"start":{"line":15,"column":12},"end":{"line":15,"column":21}},"loc":{"start":{"line":15,"column":21},"end":{"line":17,"column":3}}},"2":{"name":"(anonymous_3)","decl":{"start":{"line":19,"column":12},"end":{"line":19,"column":27}},"loc":{"start":{"line":19,"column":69},"end":{"line":23,"column":3}}}},"branchMap":{"0":{"loc":{"start":{"line":20,"column":4},"end":{"line":22,"column":5}},"type":"if","locations":[{"start":{"line":20,"column":4},"end":{"line":22,"column":5}}]}},"s":{"0":4,"1":4,"2":4,"3":4,"4":4,"5":4,"6":4,"7":3,"8":2,"9":1,"10":4,"11":4},"f":{"0":4,"1":3,"2":2},"b":{"0":[1]}}
,"/Users/Yana/Documents/weather_forecast/server/src/modules/auth/guards/base-jwt.guard.ts": {"path":"/Users/Yana/Documents/weather_forecast/server/src/modules/auth/guards/base-jwt.guard.ts","statementMap":{"0":{"start":{"line":1,"column":0},"end":{"line":1,"column":75}},"1":{"start":{"line":2,"column":0},"end":{"line":2,"column":47}},"2":{"start":{"line":3,"column":0},"end":{"line":3,"column":41}},"3":{"start":{"line":4,"column":0},"end":{"line":4,"column":54}},"4":{"start":{"line":8,"column":0},"end":{"line":8,"column":48}},"5":{"start":{"line":9,"column":0},"end":{"line":9,"column":69}},"6":{"start":{"line":12,"column":7},"end":{"line":53,"column":null}},"7":{"start":{"line":14,"column":23},"end":{"line":14,"column":35}},"8":{"start":{"line":15,"column":23},"end":{"line":15,"column":38}},"9":{"start":{"line":16,"column":23},"end":{"line":16,"column":42}},"10":{"start":{"line":24,"column":16},"end":{"line":24,"column":77}},"11":{"start":{"line":25,"column":16},"end":{"line":25,"column":23}},"12":{"start":{"line":26,"column":18},"end":{"line":26,"column":36}},"13":{"start":{"line":28,"column":4},"end":{"line":30,"column":5}},"14":{"start":{"line":29,"column":6},"end":{"line":29,"column":45}},"15":{"start":{"line":32,"column":4},"end":{"line":51,"column":5}},"16":{"start":{"line":33,"column":27},"end":{"line":37,"column":null}},"17":{"start":{"line":40,"column":6},"end":{"line":40,"column":48}},"18":{"start":{"line":42,"column":6},"end":{"line":42,"column":36}},"19":{"start":{"line":43,"column":6},"end":{"line":43,"column":27}},"20":{"start":{"line":45,"column":6},"end":{"line":45,"column":18}},"21":{"start":{"line":47,"column":6},"end":{"line":47,"column":62}},"22":{"start":{"line":48,"column":6},"end":{"line":48,"column":27}},"23":{"start":{"line":50,"column":6},"end":{"line":50,"column":45}},"24":{"start":{"line":12,"column":22},"end":{"line":12,"column":34}},"25":{"start":{"line":12,"column":22},"end":{"line":53,"column":null}}},"fnMap":{"0":{"name":"(anonymous_2)","decl":{"start":{"line":13,"column":2},"end":{"line":13,"column":null}},"loc":{"start":{"line":16,"column":59},"end":{"line":17,"column":6}}},"1":{"name":"(anonymous_3)","decl":{"start":{"line":23,"column":2},"end":{"line":23,"column":7}},"loc":{"start":{"line":23,"column":45},"end":{"line":52,"column":3}}}},"branchMap":{"0":{"loc":{"start":{"line":28,"column":4},"end":{"line":30,"column":5}},"type":"if","locations":[{"start":{"line":28,"column":4},"end":{"line":30,"column":5}}]}},"s":{"0":5,"1":5,"2":5,"3":5,"4":5,"5":5,"6":5,"7":48,"8":48,"9":48,"10":8,"11":8,"12":8,"13":8,"14":2,"15":6,"16":6,"17":4,"18":2,"19":2,"20":2,"21":4,"22":4,"23":4,"24":5,"25":5},"f":{"0":48,"1":8},"b":{"0":[2]}}
,"/Users/Yana/Documents/weather_forecast/server/src/modules/auth/guards/refresh-jwt.guard.ts": {"path":"/Users/Yana/Documents/weather_forecast/server/src/modules/auth/guards/refresh-jwt.guard.ts","statementMap":{"0":{"start":{"line":1,"column":0},"end":{"line":1,"column":44}},"1":{"start":{"line":2,"column":0},"end":{"line":2,"column":48}},"2":{"start":{"line":5,"column":0},"end":{"line":5,"column":40}},"3":{"start":{"line":8,"column":7},"end":{"line":22,"column":null}},"4":{"start":{"line":10,"column":4},"end":{"line":10,"column":55}},"5":{"start":{"line":14,"column":4},"end":{"line":14,"column":64}},"6":{"start":{"line":18,"column":4},"end":{"line":20,"column":5}},"7":{"start":{"line":19,"column":6},"end":{"line":19,"column":44}},"8":{"start":{"line":8,"column":13},"end":{"line":8,"column":28}},"9":{"start":{"line":8,"column":13},"end":{"line":22,"column":null}}},"fnMap":{"0":{"name":"(anonymous_1)","decl":{"start":{"line":9,"column":12},"end":{"line":9,"column":20}},"loc":{"start":{"line":9,"column":33},"end":{"line":11,"column":3}}},"1":{"name":"(anonymous_2)","decl":{"start":{"line":13,"column":12},"end":{"line":13,"column":21}},"loc":{"start":{"line":13,"column":21},"end":{"line":15,"column":3}}},"2":{"name":"(anonymous_3)","decl":{"start":{"line":17,"column":12},"end":{"line":17,"column":27}},"loc":{"start":{"line":17,"column":70},"end":{"line":21,"column":3}}}},"branchMap":{"0":{"loc":{"start":{"line":18,"column":4},"end":{"line":20,"column":5}},"type":"if","locations":[{"start":{"line":18,"column":4},"end":{"line":20,"column":5}}]}},"s":{"0":4,"1":4,"2":4,"3":4,"4":4,"5":3,"6":2,"7":1,"8":4,"9":4},"f":{"0":4,"1":3,"2":2},"b":{"0":[1]}}
,"/Users/Yana/Documents/weather_forecast/server/src/modules/auth/services/auth-cookie.service.ts": {"path":"/Users/Yana/Documents/weather_forecast/server/src/modules/auth/services/auth-cookie.service.ts","statementMap":{"0":{"start":{"line":1,"column":0},"end":{"line":1,"column":44}},"1":{"start":{"line":3,"column":0},"end":{"line":3,"column":47}},"2":{"start":{"line":5,"column":0},"end":{"line":5,"column":40}},"3":{"start":{"line":6,"column":0},"end":{"line":6,"column":52}},"4":{"start":{"line":7,"column":0},"end":{"line":7,"column":47}},"5":{"start":{"line":8,"column":0},"end":{"line":8,"column":40}},"6":{"start":{"line":9,"column":0},"end":{"line":9,"column":50}},"7":{"start":{"line":12,"column":30},"end":{"line":99,"column":null}},"8":{"start":{"line":17,"column":21},"end":{"line":17,"column":29}},"9":{"start":{"line":20,"column":4},"end":{"line":20,"column":62}},"10":{"start":{"line":21,"column":4},"end":{"line":21,"column":55}},"11":{"start":{"line":26,"column":4},"end":{"line":26,"column":48}},"12":{"start":{"line":31,"column":4},"end":{"line":31,"column":49}},"13":{"start":{"line":36,"column":4},"end":{"line":41,"column":6}},"14":{"start":{"line":46,"column":4},"end":{"line":51,"column":6}},"15":{"start":{"line":56,"column":4},"end":{"line":56,"column":43}},"16":{"start":{"line":61,"column":4},"end":{"line":61,"column":44}},"17":{"start":{"line":66,"column":4},"end":{"line":66,"column":43}},"18":{"start":{"line":67,"column":4},"end":{"line":67,"column":44}},"19":{"start":{"line":71,"column":4},"end":{"line":71,"column":44}},"20":{"start":{"line":75,"column":4},"end":{"line":75,"column":51}},"21":{"start":{"line":81,"column":20},"end":{"line":83,"column":6}},"22":{"start":{"line":85,"column":4},"end":{"line":85,"column":28}},"23":{"start":{"line":94,"column":4},"end":{"line":97,"column":7}},"24":{"start":{"line":12,"column":13},"end":{"line":12,"column":30}},"25":{"start":{"line":25,"column":2},"end":{"line":27,"column":null}},"26":{"start":{"line":30,"column":2},"end":{"line":32,"column":null}},"27":{"start":{"line":35,"column":2},"end":{"line":42,"column":null}},"28":{"start":{"line":45,"column":2},"end":{"line":52,"column":null}},"29":{"start":{"line":55,"column":2},"end":{"line":57,"column":null}},"30":{"start":{"line":60,"column":2},"end":{"line":62,"column":null}},"31":{"start":{"line":65,"column":2},"end":{"line":68,"column":null}},"32":{"start":{"line":12,"column":13},"end":{"line":99,"column":null}}},"fnMap":{"0":{"name":"(anonymous_2)","decl":{"start":{"line":16,"column":2},"end":{"line":16,"column":null}},"loc":{"start":{"line":18,"column":35},"end":{"line":22,"column":3}}},"1":{"name":"(anonymous_3)","decl":{"start":{"line":25,"column":2},"end":{"line":25,"column":16}},"loc":{"start":{"line":25,"column":29},"end":{"line":27,"column":3}}},"2":{"name":"(anonymous_4)","decl":{"start":{"line":30,"column":2},"end":{"line":30,"column":17}},"loc":{"start":{"line":30,"column":30},"end":{"line":32,"column":3}}},"3":{"name":"(anonymous_5)","decl":{"start":{"line":35,"column":2},"end":{"line":35,"column":16}},"loc":{"start":{"line":35,"column":45},"end":{"line":42,"column":3}}},"4":{"name":"(anonymous_6)","decl":{"start":{"line":45,"column":2},"end":{"line":45,"column":17}},"loc":{"start":{"line":45,"column":46},"end":{"line":52,"column":3}}},"5":{"name":"(anonymous_7)","decl":{"start":{"line":55,"column":2},"end":{"line":55,"column":18}},"loc":{"start":{"line":55,"column":32},"end":{"line":57,"column":3}}},"6":{"name":"(anonymous_8)","decl":{"start":{"line":60,"column":2},"end":{"line":60,"column":19}},"loc":{"start":{"line":60,"column":33},"end":{"line":62,"column":3}}},"7":{"name":"(anonymous_9)","decl":{"start":{"line":65,"column":2},"end":{"line":65,"column":18}},"loc":{"start":{"line":65,"column":32},"end":{"line":68,"column":3}}},"8":{"name":"(anonymous_10)","decl":{"start":{"line":70,"column":10},"end":{"line":70,"column":18}},"loc":{"start":{"line":70,"column":53},"end":{"line":72,"column":3}}},"9":{"name":"(anonymous_11)","decl":{"start":{"line":74,"column":10},"end":{"line":74,"column":20}},"loc":{"start":{"line":74,"column":56},"end":{"line":76,"column":3}}},"10":{"name":"(anonymous_12)","decl":{"start":{"line":78,"column":10},"end":{"line":78,"column":24}},"loc":{"start":{"line":79,"column":57},"end":{"line":86,"column":3}}},"11":{"name":"(anonymous_13)","decl":{"start":{"line":88,"column":10},"end":{"line":88,"column":18}},"loc":{"start":{"line":92,"column":18},"end":{"line":98,"column":3}}}},"branchMap":{"0":{"loc":{"start":{"line":71,"column":11},"end":{"line":71,"column":43}},"type":"binary-expr","locations":[{"start":{"line":71,"column":11},"end":{"line":71,"column":35}},{"start":{"line":71,"column":39},"end":{"line":71,"column":43}}]}},"s":{"0":10,"1":10,"2":10,"3":10,"4":10,"5":10,"6":10,"7":10,"8":9,"9":9,"10":9,"11":2,"12":2,"13":1,"14":1,"15":1,"16":1,"17":1,"18":1,"19":4,"20":4,"21":2,"22":2,"23":2,"24":10,"25":10,"26":10,"27":10,"28":10,"29":10,"30":10,"31":10,"32":10},"f":{"0":9,"1":2,"2":2,"3":1,"4":1,"5":1,"6":1,"7":1,"8":4,"9":4,"10":2,"11":2},"b":{"0":[4,2]}}
,"/Users/Yana/Documents/weather_forecast/server/src/modules/auth/services/auth-token.service.ts": {"path":"/Users/Yana/Documents/weather_forecast/server/src/modules/auth/services/auth-token.service.ts","statementMap":{"0":{"start":{"line":1,"column":0},"end":{"line":1,"column":44}},"1":{"start":{"line":2,"column":0},"end":{"line":2,"column":41}},"2":{"start":{"line":3,"column":0},"end":{"line":3,"column":47}},"3":{"start":{"line":6,"column":0},"end":{"line":6,"column":52}},"4":{"start":{"line":7,"column":0},"end":{"line":7,"column":47}},"5":{"start":{"line":8,"column":0},"end":{"line":8,"column":67}},"6":{"start":{"line":12,"column":29},"end":{"line":78,"column":null}},"7":{"start":{"line":17,"column":21},"end":{"line":17,"column":26}},"8":{"start":{"line":18,"column":21},"end":{"line":18,"column":29}},"9":{"start":{"line":21,"column":4},"end":{"line":21,"column":47}},"10":{"start":{"line":22,"column":4},"end":{"line":22,"column":61}},"11":{"start":{"line":27,"column":4},"end":{"line":31,"column":6}},"12":{"start":{"line":36,"column":4},"end":{"line":40,"column":6}},"13":{"start":{"line":45,"column":4},"end":{"line":48,"column":6}},"14":{"start":{"line":53,"column":4},"end":{"line":56,"column":6}},"15":{"start":{"line":64,"column":6},"end":{"line":67,"column":9}},"16":{"start":{"line":74,"column":6},"end":{"line":76,"column":9}},"17":{"start":{"line":12,"column":13},"end":{"line":12,"column":29}},"18":{"start":{"line":26,"column":8},"end":{"line":32,"column":null}},"19":{"start":{"line":35,"column":8},"end":{"line":41,"column":null}},"20":{"start":{"line":44,"column":8},"end":{"line":49,"column":null}},"21":{"start":{"line":52,"column":8},"end":{"line":57,"column":null}},"22":{"start":{"line":12,"column":13},"end":{"line":78,"column":null}}},"fnMap":{"0":{"name":"(anonymous_2)","decl":{"start":{"line":16,"column":2},"end":{"line":16,"column":null}},"loc":{"start":{"line":19,"column":35},"end":{"line":23,"column":3}}},"1":{"name":"(anonymous_3)","decl":{"start":{"line":26,"column":2},"end":{"line":26,"column":7}},"loc":{"start":{"line":26,"column":57},"end":{"line":32,"column":3}}},"2":{"name":"(anonymous_4)","decl":{"start":{"line":35,"column":2},"end":{"line":35,"column":7}},"loc":{"start":{"line":35,"column":59},"end":{"line":41,"column":3}}},"3":{"name":"(anonymous_5)","decl":{"start":{"line":44,"column":2},"end":{"line":44,"column":7}},"loc":{"start":{"line":44,"column":39},"end":{"line":49,"column":3}}},"4":{"name":"(anonymous_6)","decl":{"start":{"line":52,"column":2},"end":{"line":52,"column":7}},"loc":{"start":{"line":52,"column":40},"end":{"line":57,"column":3}}},"5":{"name":"(anonymous_7)","decl":{"start":{"line":59,"column":10},"end":{"line":59,"column":15}},"loc":{"start":{"line":62,"column":39},"end":{"line":68,"column":3}}},"6":{"name":"(anonymous_8)","decl":{"start":{"line":70,"column":10},"end":{"line":70,"column":15}},"loc":{"start":{"line":72,"column":18},"end":{"line":77,"column":3}}}},"branchMap":{},"s":{"0":9,"1":9,"2":9,"3":9,"4":9,"5":9,"6":9,"7":4,"8":4,"9":4,"10":4,"11":1,"12":1,"13":1,"14":1,"15":2,"16":2,"17":9,"18":9,"19":9,"20":9,"21":9,"22":9},"f":{"0":4,"1":1,"2":1,"3":1,"4":1,"5":2,"6":2},"b":{}}
,"/Users/Yana/Documents/weather_forecast/server/src/modules/auth/services/auth.service.ts": {"path":"/Users/Yana/Documents/weather_forecast/server/src/modules/auth/services/auth.service.ts","statementMap":{"0":{"start":{"line":1,"column":0},"end":{"line":1,"column":67}},"1":{"start":{"line":2,"column":0},"end":{"line":2,"column":46}},"2":{"start":{"line":3,"column":0},"end":{"line":3,"column":52}},"3":{"start":{"line":4,"column":0},"end":{"line":4,"column":47}},"4":{"start":{"line":7,"column":0},"end":{"line":7,"column":null}},"5":{"start":{"line":15,"column":0},"end":{"line":15,"column":51}},"6":{"start":{"line":16,"column":0},"end":{"line":16,"column":56}},"7":{"start":{"line":17,"column":0},"end":{"line":17,"column":58}},"8":{"start":{"line":18,"column":0},"end":{"line":18,"column":65}},"9":{"start":{"line":21,"column":24},"end":{"line":186,"column":null}},"10":{"start":{"line":25,"column":21},"end":{"line":25,"column":35}},"11":{"start":{"line":26,"column":21},"end":{"line":26,"column":33}},"12":{"start":{"line":27,"column":21},"end":{"line":27,"column":36}},"13":{"start":{"line":28,"column":21},"end":{"line":28,"column":37}},"14":{"start":{"line":31,"column":4},"end":{"line":31,"column":56}},"15":{"start":{"line":36,"column":27},"end":{"line":36,"column":33}},"16":{"start":{"line":38,"column":17},"end":{"line":38,"column":69}},"17":{"start":{"line":39,"column":19},"end":{"line":39,"column":50}},"18":{"start":{"line":40,"column":4},"end":{"line":40,"column":33}},"19":{"start":{"line":41,"column":4},"end":{"line":41,"column":43}},"20":{"start":{"line":43,"column":4},"end":{"line":43,"column":29}},"21":{"start":{"line":48,"column":27},"end":{"line":48,"column":33}},"22":{"start":{"line":50,"column":17},"end":{"line":50,"column":56}},"23":{"start":{"line":51,"column":19},"end":{"line":51,"column":50}},"24":{"start":{"line":52,"column":4},"end":{"line":52,"column":33}},"25":{"start":{"line":53,"column":4},"end":{"line":55,"column":7}},"26":{"start":{"line":57,"column":4},"end":{"line":57,"column":29}},"27":{"start":{"line":62,"column":28},"end":{"line":62,"column":34}},"28":{"start":{"line":64,"column":17},"end":{"line":64,"column":57}},"29":{"start":{"line":65,"column":4},"end":{"line":70,"column":5}},"30":{"start":{"line":66,"column":6},"end":{"line":68,"column":9}},"31":{"start":{"line":69,"column":6},"end":{"line":69,"column":45}},"32":{"start":{"line":72,"column":24},"end":{"line":72,"column":52}},"33":{"start":{"line":74,"column":4},"end":{"line":77,"column":7}},"34":{"start":{"line":79,"column":4},"end":{"line":79,"column":45}},"35":{"start":{"line":81,"column":4},"end":{"line":83,"column":7}},"36":{"start":{"line":85,"column":4},"end":{"line":85,"column":29}},"37":{"start":{"line":92,"column":30},"end":{"line":92,"column":36}},"38":{"start":{"line":94,"column":20},"end":{"line":94,"column":70}},"39":{"start":{"line":95,"column":17},"end":{"line":95,"column":65}},"40":{"start":{"line":97,"column":4},"end":{"line":103,"column":5}},"41":{"start":{"line":98,"column":6},"end":{"line":100,"column":9}},"42":{"start":{"line":102,"column":6},"end":{"line":102,"column":45}},"43":{"start":{"line":105,"column":4},"end":{"line":112,"column":5}},"44":{"start":{"line":106,"column":6},"end":{"line":109,"column":9}},"45":{"start":{"line":111,"column":6},"end":{"line":111,"column":45}},"46":{"start":{"line":114,"column":23},"end":{"line":114,"column":51}},"47":{"start":{"line":116,"column":4},"end":{"line":119,"column":7}},"48":{"start":{"line":121,"column":4},"end":{"line":121,"column":42}},"49":{"start":{"line":122,"column":19},"end":{"line":122,"column":50}},"50":{"start":{"line":123,"column":4},"end":{"line":123,"column":33}},"51":{"start":{"line":124,"column":4},"end":{"line":127,"column":7}},"52":{"start":{"line":129,"column":4},"end":{"line":129,"column":29}},"53":{"start":{"line":136,"column":17},"end":{"line":136,"column":59}},"54":{"start":{"line":138,"column":4},"end":{"line":144,"column":5}},"55":{"start":{"line":139,"column":6},"end":{"line":141,"column":9}},"56":{"start":{"line":143,"column":6},"end":{"line":143,"column":61}},"57":{"start":{"line":146,"column":20},"end":{"line":150,"column":6}},"58":{"start":{"line":152,"column":4},"end":{"line":159,"column":5}},"59":{"start":{"line":153,"column":6},"end":{"line":156,"column":9}},"60":{"start":{"line":158,"column":6},"end":{"line":158,"column":61}},"61":{"start":{"line":161,"column":4},"end":{"line":161,"column":16}},"62":{"start":{"line":165,"column":24},"end":{"line":168,"column":6}},"63":{"start":{"line":170,"column":25},"end":{"line":174,"column":6}},"64":{"start":{"line":176,"column":4},"end":{"line":179,"column":6}},"65":{"start":{"line":183,"column":4},"end":{"line":183,"column":63}},"66":{"start":{"line":184,"column":4},"end":{"line":184,"column":65}},"67":{"start":{"line":21,"column":13},"end":{"line":21,"column":24}},"68":{"start":{"line":35,"column":8},"end":{"line":44,"column":null}},"69":{"start":{"line":47,"column":8},"end":{"line":58,"column":null}},"70":{"start":{"line":61,"column":8},"end":{"line":86,"column":null}},"71":{"start":{"line":89,"column":8},"end":{"line":130,"column":null}},"72":{"start":{"line":21,"column":13},"end":{"line":186,"column":null}}},"fnMap":{"0":{"name":"(anonymous_2)","decl":{"start":{"line":24,"column":2},"end":{"line":24,"column":null}},"loc":{"start":{"line":29,"column":35},"end":{"line":32,"column":3}}},"1":{"name":"(anonymous_3)","decl":{"start":{"line":35,"column":2},"end":{"line":35,"column":7}},"loc":{"start":{"line":35,"column":33},"end":{"line":44,"column":3}}},"2":{"name":"(anonymous_4)","decl":{"start":{"line":47,"column":2},"end":{"line":47,"column":7}},"loc":{"start":{"line":47,"column":39},"end":{"line":58,"column":3}}},"3":{"name":"(anonymous_5)","decl":{"start":{"line":61,"column":2},"end":{"line":61,"column":7}},"loc":{"start":{"line":61,"column":35},"end":{"line":86,"column":3}}},"4":{"name":"(anonymous_6)","decl":{"start":{"line":89,"column":2},"end":{"line":89,"column":7}},"loc":{"start":{"line":90,"column":36},"end":{"line":130,"column":3}}},"5":{"name":"(anonymous_7)","decl":{"start":{"line":132,"column":10},"end":{"line":132,"column":15}},"loc":{"start":{"line":134,"column":20},"end":{"line":162,"column":3}}},"6":{"name":"(anonymous_8)","decl":{"start":{"line":164,"column":10},"end":{"line":164,"column":15}},"loc":{"start":{"line":164,"column":48},"end":{"line":180,"column":3}}},"7":{"name":"(anonymous_9)","decl":{"start":{"line":182,"column":10},"end":{"line":182,"column":20}},"loc":{"start":{"line":182,"column":48},"end":{"line":185,"column":3}}}},"branchMap":{"0":{"loc":{"start":{"line":65,"column":4},"end":{"line":70,"column":5}},"type":"if","locations":[{"start":{"line":65,"column":4},"end":{"line":70,"column":5}}]},"1":{"loc":{"start":{"line":97,"column":4},"end":{"line":103,"column":5}},"type":"if","locations":[{"start":{"line":97,"column":4},"end":{"line":103,"column":5}}]},"2":{"loc":{"start":{"line":105,"column":4},"end":{"line":112,"column":5}},"type":"if","locations":[{"start":{"line":105,"column":4},"end":{"line":112,"column":5}}]},"3":{"loc":{"start":{"line":138,"column":4},"end":{"line":144,"column":5}},"type":"if","locations":[{"start":{"line":138,"column":4},"end":{"line":144,"column":5}}]},"4":{"loc":{"start":{"line":152,"column":4},"end":{"line":159,"column":5}},"type":"if","locations":[{"start":{"line":152,"column":4},"end":{"line":159,"column":5}}]}},"s":{"0":9,"1":9,"2":9,"3":9,"4":9,"5":9,"6":9,"7":9,"8":9,"9":9,"10":9,"11":9,"12":9,"13":9,"14":9,"15":3,"16":3,"17":1,"18":1,"19":1,"20":1,"21":1,"22":1,"23":1,"24":1,"25":1,"26":1,"27":2,"28":2,"29":2,"30":1,"31":1,"32":1,"33":1,"34":1,"35":1,"36":1,"37":3,"38":3,"39":3,"40":3,"41":1,"42":1,"43":2,"44":1,"45":1,"46":1,"47":1,"48":1,"49":1,"50":1,"51":1,"52":1,"53":3,"54":3,"55":1,"56":1,"57":2,"58":2,"59":1,"60":1,"61":1,"62":3,"63":3,"64":3,"65":3,"66":3,"67":9,"68":9,"69":9,"70":9,"71":9,"72":9},"f":{"0":9,"1":3,"2":1,"3":2,"4":3,"5":3,"6":3,"7":3},"b":{"0":[1],"1":[1],"2":[1],"3":[1],"4":[1]}}
,"/Users/Yana/Documents/weather_forecast/server/src/modules/auth/services/password-hasher.service.ts": {"path":"/Users/Yana/Documents/weather_forecast/server/src/modules/auth/services/password-hasher.service.ts","statementMap":{"0":{"start":{"line":1,"column":0},"end":{"line":1,"column":44}},"1":{"start":{"line":2,"column":0},"end":{"line":2,"column":66}},"2":{"start":{"line":10,"column":0},"end":{"line":10,"column":null}},"3":{"start":{"line":17,"column":0},"end":{"line":17,"column":52}},"4":{"start":{"line":18,"column":0},"end":{"line":18,"column":47}},"5":{"start":{"line":21,"column":33},"end":{"line":65,"column":null}},"6":{"start":{"line":24,"column":4},"end":{"line":24,"column":65}},"7":{"start":{"line":28,"column":4},"end":{"line":34,"column":32}},"8":{"start":{"line":39,"column":25},"end":{"line":39,"column":31}},"9":{"start":{"line":41,"column":17},"end":{"line":41,"column":58}},"10":{"start":{"line":42,"column":17},"end":{"line":42,"column":58}},"11":{"start":{"line":44,"column":4},"end":{"line":44,"column":26}},"12":{"start":{"line":51,"column":53},"end":{"line":51,"column":59}},"13":{"start":{"line":53,"column":34},"end":{"line":53,"column":75}},"14":{"start":{"line":54,"column":20},"end":{"line":56,"column":null}},"15":{"start":{"line":59,"column":4},"end":{"line":61,"column":5}},"16":{"start":{"line":60,"column":6},"end":{"line":60,"column":59}},"17":{"start":{"line":63,"column":4},"end":{"line":63,"column":19}},"18":{"start":{"line":21,"column":13},"end":{"line":21,"column":33}},"19":{"start":{"line":38,"column":8},"end":{"line":45,"column":null}},"20":{"start":{"line":48,"column":8},"end":{"line":64,"column":null}},"21":{"start":{"line":21,"column":13},"end":{"line":65,"column":null}}},"fnMap":{"0":{"name":"(anonymous_2)","decl":{"start":{"line":23,"column":2},"end":{"line":23,"column":14}},"loc":{"start":{"line":23,"column":45},"end":{"line":25,"column":3}}},"1":{"name":"(anonymous_3)","decl":{"start":{"line":27,"column":10},"end":{"line":27,"column":30}},"loc":{"start":{"line":27,"column":61},"end":{"line":35,"column":3}}},"2":{"name":"(anonymous_4)","decl":{"start":{"line":38,"column":2},"end":{"line":38,"column":7}},"loc":{"start":{"line":38,"column":39},"end":{"line":45,"column":3}}},"3":{"name":"(anonymous_5)","decl":{"start":{"line":48,"column":2},"end":{"line":48,"column":7}},"loc":{"start":{"line":49,"column":34},"end":{"line":64,"column":3}}}},"branchMap":{"0":{"loc":{"start":{"line":59,"column":4},"end":{"line":61,"column":5}},"type":"if","locations":[{"start":{"line":59,"column":4},"end":{"line":61,"column":5}}]}},"s":{"0":9,"1":9,"2":9,"3":9,"4":9,"5":9,"6":3,"7":5,"8":3,"9":3,"10":3,"11":3,"12":2,"13":2,"14":2,"15":2,"16":1,"17":2,"18":9,"19":9,"20":9,"21":9},"f":{"0":3,"1":5,"2":3,"3":2},"b":{"0":[1]}}
,"/Users/Yana/Documents/weather_forecast/server/src/modules/cities/services/cities-query.service.ts": {"path":"/Users/Yana/Documents/weather_forecast/server/src/modules/cities/services/cities-query.service.ts","statementMap":{"0":{"start":{"line":1,"column":0},"end":{"line":1,"column":44}},"1":{"start":{"line":2,"column":0},"end":{"line":2,"column":51}},"2":{"start":{"line":3,"column":0},"end":{"line":3,"column":37}},"3":{"start":{"line":4,"column":0},"end":{"line":4,"column":46}},"4":{"start":{"line":6,"column":0},"end":{"line":6,"column":null}},"5":{"start":{"line":11,"column":0},"end":{"line":11,"column":46}},"6":{"start":{"line":12,"column":0},"end":{"line":12,"column":65}},"7":{"start":{"line":13,"column":0},"end":{"line":13,"column":59}},"8":{"start":{"line":23,"column":0},"end":{"line":23,"column":52}},"9":{"start":{"line":24,"column":0},"end":{"line":24,"column":47}},"10":{"start":{"line":27,"column":31},"end":{"line":152,"column":null}},"11":{"start":{"line":32,"column":21},"end":{"line":32,"column":37}},"12":{"start":{"line":35,"column":4},"end":{"line":35,"column":63}},"13":{"start":{"line":42,"column":23},"end":{"line":42,"column":29}},"14":{"start":{"line":44,"column":19},"end":{"line":47,"column":6}},"15":{"start":{"line":49,"column":4},"end":{"line":49,"column":18}},"16":{"start":{"line":58,"column":30},"end":{"line":58,"column":36}},"17":{"start":{"line":60,"column":15},"end":{"line":62,"column":49}},"18":{"start":{"line":64,"column":4},"end":{"line":67,"column":5}},"19":{"start":{"line":65,"column":6},"end":{"line":65,"column":56}},"20":{"start":{"line":66,"column":6},"end":{"line":66,"column":42}},"21":{"start":{"line":69,"column":34},"end":{"line":69,"column":66}},"22":{"start":{"line":71,"column":4},"end":{"line":76,"column":7}},"23":{"start":{"line":78,"column":18},"end":{"line":78,"column":40}},"24":{"start":{"line":80,"column":4},"end":{"line":83,"column":7}},"25":{"start":{"line":85,"column":19},"end":{"line":85,"column":37}},"26":{"start":{"line":87,"column":4},"end":{"line":91,"column":7}},"27":{"start":{"line":95,"column":26},"end":{"line":95,"column":32}},"28":{"start":{"line":97,"column":19},"end":{"line":97,"column":68}},"29":{"start":{"line":98,"column":22},"end":{"line":98,"column":64}},"30":{"start":{"line":100,"column":4},"end":{"line":100,"column":47}},"31":{"start":{"line":102,"column":4},"end":{"line":105,"column":6}},"32":{"start":{"line":109,"column":45},"end":{"line":109,"column":51}},"33":{"start":{"line":111,"column":4},"end":{"line":113,"column":5}},"34":{"start":{"line":112,"column":6},"end":{"line":112,"column":13}},"35":{"start":{"line":115,"column":20},"end":{"line":118,"column":31}},"36":{"start":{"line":121,"column":6},"end":{"line":123,"column":41}},"37":{"start":{"line":125,"column":4},"end":{"line":127,"column":7}},"38":{"start":{"line":129,"column":4},"end":{"line":132,"column":7}},"39":{"start":{"line":137,"column":26},"end":{"line":137,"column":32}},"40":{"start":{"line":138,"column":4},"end":{"line":138,"column":23}},"41":{"start":{"line":142,"column":38},"end":{"line":142,"column":44}},"42":{"start":{"line":144,"column":27},"end":{"line":144,"column":53}},"43":{"start":{"line":146,"column":4},"end":{"line":150,"column":7}},"44":{"start":{"line":27,"column":13},"end":{"line":27,"column":31}},"45":{"start":{"line":41,"column":8},"end":{"line":50,"column":null}},"46":{"start":{"line":55,"column":8},"end":{"line":92,"column":null}},"47":{"start":{"line":136,"column":10},"end":{"line":139,"column":null}},"48":{"start":{"line":27,"column":13},"end":{"line":152,"column":null}}},"fnMap":{"0":{"name":"(anonymous_4)","decl":{"start":{"line":30,"column":2},"end":{"line":30,"column":null}},"loc":{"start":{"line":33,"column":35},"end":{"line":36,"column":3}}},"1":{"name":"(anonymous_5)","decl":{"start":{"line":41,"column":2},"end":{"line":41,"column":7}},"loc":{"start":{"line":41,"column":41},"end":{"line":50,"column":3}}},"2":{"name":"(anonymous_6)","decl":{"start":{"line":55,"column":2},"end":{"line":55,"column":7}},"loc":{"start":{"line":56,"column":36},"end":{"line":92,"column":3}}},"3":{"name":"(anonymous_7)","decl":{"start":{"line":94,"column":10},"end":{"line":94,"column":22}},"loc":{"start":{"line":94,"column":49},"end":{"line":106,"column":3}}},"4":{"name":"(anonymous_8)","decl":{"start":{"line":108,"column":10},"end":{"line":108,"column":21}},"loc":{"start":{"line":108,"column":47},"end":{"line":133,"column":3}}},"5":{"name":"(anonymous_9)","decl":{"start":{"line":136,"column":10},"end":{"line":136,"column":25}},"loc":{"start":{"line":136,"column":55},"end":{"line":139,"column":3}}},"6":{"name":"(anonymous_10)","decl":{"start":{"line":141,"column":10},"end":{"line":141,"column":22}},"loc":{"start":{"line":141,"column":49},"end":{"line":151,"column":3}}}},"branchMap":{"0":{"loc":{"start":{"line":64,"column":4},"end":{"line":67,"column":5}},"type":"if","locations":[{"start":{"line":64,"column":4},"end":{"line":67,"column":5}}]},"1":{"loc":{"start":{"line":97,"column":19},"end":{"line":97,"column":68}},"type":"binary-expr","locations":[{"start":{"line":97,"column":19},"end":{"line":97,"column":40}},{"start":{"line":97,"column":44},"end":{"line":97,"column":68}}]},"2":{"loc":{"start":{"line":98,"column":22},"end":{"line":98,"column":64}},"type":"binary-expr","locations":[{"start":{"line":98,"column":22},"end":{"line":98,"column":46}},{"start":{"line":98,"column":50},"end":{"line":98,"column":64}}]},"3":{"loc":{"start":{"line":111,"column":4},"end":{"line":113,"column":5}},"type":"if","locations":[{"start":{"line":111,"column":4},"end":{"line":113,"column":5}}]},"4":{"loc":{"start":{"line":121,"column":6},"end":{"line":123,"column":41}},"type":"cond-expr","locations":[{"start":{"line":122,"column":10},"end":{"line":122,"column":40}},{"start":{"line":123,"column":10},"end":{"line":123,"column":41}}]}},"s":{"0":2,"1":2,"2":2,"3":2,"4":2,"5":2,"6":2,"7":2,"8":2,"9":2,"10":2,"11":8,"12":8,"13":1,"14":1,"15":1,"16":7,"17":7,"18":7,"19":1,"20":1,"21":7,"22":7,"23":7,"24":7,"25":7,"26":7,"27":7,"28":7,"29":7,"30":7,"31":7,"32":7,"33":7,"34":5,"35":2,"36":2,"37":2,"38":2,"39":7,"40":7,"41":7,"42":7,"43":7,"44":2,"45":2,"46":2,"47":2,"48":2},"f":{"0":8,"1":1,"2":7,"3":7,"4":7,"5":7,"6":7},"b":{"0":[1],"1":[7,3],"2":[7,3],"3":[5],"4":[1,1]}}
,"/Users/Yana/Documents/weather_forecast/server/src/modules/cities/services/cities.service.ts": {"path":"/Users/Yana/Documents/weather_forecast/server/src/modules/cities/services/cities.service.ts","statementMap":{"0":{"start":{"line":1,"column":0},"end":{"line":1,"column":null}},"1":{"start":{"line":6,"column":0},"end":{"line":6,"column":51}},"2":{"start":{"line":7,"column":0},"end":{"line":7,"column":37}},"3":{"start":{"line":8,"column":0},"end":{"line":8,"column":46}},"4":{"start":{"line":9,"column":0},"end":{"line":9,"column":52}},"5":{"start":{"line":17,"column":0},"end":{"line":17,"column":47}},"6":{"start":{"line":19,"column":26},"end":{"line":121,"column":null}},"7":{"start":{"line":24,"column":21},"end":{"line":24,"column":37}},"8":{"start":{"line":27,"column":4},"end":{"line":27,"column":58}},"9":{"start":{"line":32,"column":17},"end":{"line":32,"column":50}},"10":{"start":{"line":33,"column":4},"end":{"line":33,"column":16}},"11":{"start":{"line":38,"column":30},"end":{"line":38,"column":36}},"12":{"start":{"line":40,"column":19},"end":{"line":45,"column":6}},"13":{"start":{"line":47,"column":4},"end":{"line":49,"column":5}},"14":{"start":{"line":48,"column":6},"end":{"line":48,"column":20}},"15":{"start":{"line":51,"column":17},"end":{"line":56,"column":6}},"16":{"start":{"line":58,"column":4},"end":{"line":58,"column":42}},"17":{"start":{"line":63,"column":4},"end":{"line":68,"column":7}},"18":{"start":{"line":73,"column":17},"end":{"line":73,"column":50}},"19":{"start":{"line":74,"column":24},"end":{"line":74,"column":35}},"20":{"start":{"line":75,"column":4},"end":{"line":75,"column":43}},"21":{"start":{"line":77,"column":4},"end":{"line":77,"column":23}},"22":{"start":{"line":82,"column":19},"end":{"line":84,"column":6}},"23":{"start":{"line":86,"column":4},"end":{"line":88,"column":7}},"24":{"start":{"line":93,"column":17},"end":{"line":93,"column":50}},"25":{"start":{"line":95,"column":21},"end":{"line":95,"column":34}},"26":{"start":{"line":96,"column":4},"end":{"line":96,"column":35}},"27":{"start":{"line":98,"column":18},"end":{"line":98,"column":54}},"28":{"start":{"line":100,"column":4},"end":{"line":104,"column":7}},"29":{"start":{"line":106,"column":4},"end":{"line":106,"column":17}},"30":{"start":{"line":110,"column":17},"end":{"line":112,"column":6}},"31":{"start":{"line":114,"column":4},"end":{"line":117,"column":5}},"32":{"start":{"line":115,"column":6},"end":{"line":115,"column":60}},"33":{"start":{"line":116,"column":6},"end":{"line":116,"column":52}},"34":{"start":{"line":119,"column":4},"end":{"line":119,"column":16}},"35":{"start":{"line":19,"column":13},"end":{"line":19,"column":26}},"36":{"start":{"line":31,"column":8},"end":{"line":34,"column":null}},"37":{"start":{"line":37,"column":8},"end":{"line":59,"column":null}},"38":{"start":{"line":62,"column":8},"end":{"line":69,"column":null}},"39":{"start":{"line":72,"column":8},"end":{"line":78,"column":null}},"40":{"start":{"line":81,"column":8},"end":{"line":89,"column":null}},"41":{"start":{"line":92,"column":8},"end":{"line":107,"column":null}},"42":{"start":{"line":19,"column":13},"end":{"line":121,"column":null}}},"fnMap":{"0":{"name":"(anonymous_4)","decl":{"start":{"line":22,"column":2},"end":{"line":22,"column":null}},"loc":{"start":{"line":25,"column":35},"end":{"line":28,"column":3}}},"1":{"name":"(anonymous_5)","decl":{"start":{"line":31,"column":2},"end":{"line":31,"column":7}},"loc":{"start":{"line":31,"column":42},"end":{"line":34,"column":3}}},"2":{"name":"(anonymous_6)","decl":{"start":{"line":37,"column":2},"end":{"line":37,"column":7}},"loc":{"start":{"line":37,"column":37},"end":{"line":59,"column":3}}},"3":{"name":"(anonymous_7)","decl":{"start":{"line":62,"column":2},"end":{"line":62,"column":7}},"loc":{"start":{"line":62,"column":46},"end":{"line":69,"column":3}}},"4":{"name":"(anonymous_8)","decl":{"start":{"line":72,"column":2},"end":{"line":72,"column":7}},"loc":{"start":{"line":72,"column":41},"end":{"line":78,"column":3}}},"5":{"name":"(anonymous_9)","decl":{"start":{"line":81,"column":2},"end":{"line":81,"column":7}},"loc":{"start":{"line":81,"column":44},"end":{"line":89,"column":3}}},"6":{"name":"(anonymous_10)","decl":{"start":{"line":92,"column":2},"end":{"line":92,"column":7}},"loc":{"start":{"line":92,"column":43},"end":{"line":107,"column":3}}},"7":{"name":"(anonymous_11)","decl":{"start":{"line":109,"column":10},"end":{"line":109,"column":15}},"loc":{"start":{"line":109,"column":53},"end":{"line":120,"column":3}}}},"branchMap":{"0":{"loc":{"start":{"line":47,"column":4},"end":{"line":49,"column":5}},"type":"if","locations":[{"start":{"line":47,"column":4},"end":{"line":49,"column":5}}]},"1":{"loc":{"start":{"line":87,"column":16},"end":{"line":87,"column":36}},"type":"binary-expr","locations":[{"start":{"line":87,"column":16},"end":{"line":87,"column":31}},{"start":{"line":87,"column":35},"end":{"line":87,"column":36}}]},"2":{"loc":{"start":{"line":114,"column":4},"end":{"line":117,"column":5}},"type":"if","locations":[{"start":{"line":114,"column":4},"end":{"line":117,"column":5}}]}},"s":{"0":2,"1":2,"2":2,"3":2,"4":2,"5":2,"6":2,"7":13,"8":13,"9":2,"10":1,"11":2,"12":2,"13":2,"14":1,"15":1,"16":1,"17":2,"18":2,"19":1,"20":1,"21":1,"22":2,"23":2,"24":3,"25":2,"26":2,"27":2,"28":2,"29":2,"30":7,"31":7,"32":3,"33":3,"34":4,"35":2,"36":2,"37":2,"38":2,"39":2,"40":2,"41":2,"42":2},"f":{"0":13,"1":2,"2":2,"3":2,"4":2,"5":2,"6":3,"7":7},"b":{"0":[1],"1":[2,1],"2":[3]}}
,"/Users/Yana/Documents/weather_forecast/server/src/modules/logger/constants.ts": {"path":"/Users/Yana/Documents/weather_forecast/server/src/modules/logger/constants.ts","statementMap":{"0":{"start":{"line":1,"column":13},"end":{"line":8,"column":2}},"1":{"start":{"line":10,"column":13},"end":{"line":19,"column":2}}},"fnMap":{},"branchMap":{},"s":{"0":13,"1":13},"f":{},"b":{}}
,"/Users/Yana/Documents/weather_forecast/server/src/modules/logger/types.ts": {"path":"/Users/Yana/Documents/weather_forecast/server/src/modules/logger/types.ts","statementMap":{"0":{"start":{"line":30,"column":0},"end":{"line":30,"column":null}},"1":{"start":{"line":31,"column":2},"end":{"line":31,"column":null}},"2":{"start":{"line":32,"column":2},"end":{"line":32,"column":null}},"3":{"start":{"line":33,"column":2},"end":{"line":33,"column":null}}},"fnMap":{"0":{"name":"(anonymous_0)","decl":{"start":{"line":30,"column":0},"end":{"line":30,"column":12}},"loc":{"start":{"line":30,"column":36},"end":{"line":34,"column":1}}}},"branchMap":{"0":{"loc":{"start":{"line":30,"column":12},"end":{"line":30,"column":null}},"type":"binary-expr","locations":[{"start":{"line":30,"column":12},"end":{"line":30,"column":36}},{"start":{"line":30,"column":36},"end":{"line":30,"column":null}}]}},"s":{"0":14,"1":14,"2":14,"3":14},"f":{"0":14},"b":{"0":[14,14]}}
,"/Users/Yana/Documents/weather_forecast/server/src/modules/logger/sanitize/is-non-serializable-object.ts": {"path":"/Users/Yana/Documents/weather_forecast/server/src/modules/logger/sanitize/is-non-serializable-object.ts","statementMap":{"0":{"start":{"line":1,"column":0},"end":{"line":1,"column":16}},"1":{"start":{"line":2,"column":19},"end":{"line":2,"column":62}},"2":{"start":{"line":4,"column":2},"end":{"line":6,"column":3}},"3":{"start":{"line":5,"column":4},"end":{"line":5,"column":17}},"4":{"start":{"line":8,"column":2},"end":{"line":15,"column":4}}},"fnMap":{"0":{"name":"isNonSerializableObject","decl":{"start":{"line":1,"column":16},"end":{"line":1,"column":39}},"loc":{"start":{"line":1,"column":50},"end":{"line":16,"column":1}}}},"branchMap":{"0":{"loc":{"start":{"line":2,"column":19},"end":{"line":2,"column":62}},"type":"binary-expr","locations":[{"start":{"line":2,"column":19},"end":{"line":2,"column":33}},{"start":{"line":2,"column":37},"end":{"line":2,"column":62}}]},"1":{"loc":{"start":{"line":4,"column":2},"end":{"line":6,"column":3}},"type":"if","locations":[{"start":{"line":4,"column":2},"end":{"line":6,"column":3}}]},"2":{"loc":{"start":{"line":9,"column":4},"end":{"line":14,"column":25}},"type":"binary-expr","locations":[{"start":{"line":9,"column":4},"end":{"line":9,"column":18}},{"start":{"line":10,"column":4},"end":{"line":10,"column":18}},{"start":{"line":11,"column":4},"end":{"line":11,"column":21}},{"start":{"line":12,"column":4},"end":{"line":12,"column":29}},{"start":{"line":13,"column":4},"end":{"line":13,"column":22}},{"start":{"line":14,"column":4},"end":{"line":14,"column":25}}]}},"s":{"0":15,"1":213,"2":213,"3":113,"4":100},"f":{"0":213},"b":{"0":[213,210],"1":[113],"2":[100,90,88,86,85,83]}}
,"/Users/Yana/Documents/weather_forecast/server/src/modules/logger/sanitize/sanitize-for-logging.ts": {"path":"/Users/Yana/Documents/weather_forecast/server/src/modules/logger/sanitize/sanitize-for-logging.ts","statementMap":{"0":{"start":{"line":6,"column":0},"end":{"line":6,"column":16}},"1":{"start":{"line":2,"column":0},"end":{"line":2,"column":68}},"2":{"start":{"line":3,"column":0},"end":{"line":3,"column":70}},"3":{"start":{"line":4,"column":0},"end":{"line":4,"column":71}},"4":{"start":{"line":11,"column":25},"end":{"line":11,"column":46}},"5":{"start":{"line":12,"column":26},"end":{"line":12,"column":47}},"6":{"start":{"line":13,"column":28},"end":{"line":13,"column":51}},"7":{"start":{"line":16,"column":20},"end":{"line":20,"column":45}},"8":{"start":{"line":18,"column":8},"end":{"line":18,"column":68}},"9":{"start":{"line":20,"column":24},"end":{"line":20,"column":44}},"10":{"start":{"line":22,"column":4},"end":{"line":24,"column":5}},"11":{"start":{"line":23,"column":6},"end":{"line":23,"column":21}},"12":{"start":{"line":26,"column":4},"end":{"line":28,"column":5}},"13":{"start":{"line":27,"column":6},"end":{"line":27,"column":56}},"14":{"start":{"line":30,"column":4},"end":{"line":32,"column":5}},"15":{"start":{"line":31,"column":6},"end":{"line":31,"column":19}},"16":{"start":{"line":34,"column":4},"end":{"line":34,"column":40}},"17":{"start":{"line":36,"column":4},"end":{"line":45,"column":6}},"18":{"start":{"line":38,"column":27},"end":{"line":38,"column":54}},"19":{"start":{"line":39,"column":29},"end":{"line":44,"column":10}},"20":{"start":{"line":48,"column":2},"end":{"line":48,"column":30}},"21":{"start":{"line":51,"column":37},"end":{"line":71,"column":2}},"22":{"start":{"line":53,"column":26},"end":{"line":53,"column":48}},"23":{"start":{"line":54,"column":32},"end":{"line":57,"column":6}},"24":{"start":{"line":61,"column":24},"end":{"line":61,"column":29}},"25":{"start":{"line":65,"column":45},"end":{"line":65,"column":64}},"26":{"start":{"line":69,"column":19},"end":{"line":69,"column":58}}},"fnMap":{"0":{"name":"sanitizeForLogging","decl":{"start":{"line":6,"column":16},"end":{"line":6,"column":34}},"loc":{"start":{"line":9,"column":31},"end":{"line":49,"column":1}}},"1":{"name":"sanitizeValue","decl":{"start":{"line":15,"column":11},"end":{"line":15,"column":24}},"loc":{"start":{"line":15,"column":39},"end":{"line":46,"column":3}}},"2":{"name":"(anonymous_2)","decl":{"start":{"line":17,"column":11},"end":{"line":17,"column":12}},"loc":{"start":{"line":18,"column":8},"end":{"line":18,"column":68}}},"3":{"name":"(anonymous_3)","decl":{"start":{"line":20,"column":12},"end":{"line":20,"column":13}},"loc":{"start":{"line":20,"column":24},"end":{"line":20,"column":44}}},"4":{"name":"(anonymous_4)","decl":{"start":{"line":38,"column":16},"end":{"line":38,"column":17}},"loc":{"start":{"line":38,"column":27},"end":{"line":38,"column":54}}},"5":{"name":"(anonymous_5)","decl":{"start":{"line":39,"column":13},"end":{"line":39,"column":14}},"loc":{"start":{"line":39,"column":29},"end":{"line":44,"column":10}}},"6":{"name":"(anonymous_6)","decl":{"start":{"line":53,"column":15},"end":{"line":53,"column":16}},"loc":{"start":{"line":53,"column":26},"end":{"line":53,"column":48}}},"7":{"name":"(anonymous_7)","decl":{"start":{"line":54,"column":13},"end":{"line":54,"column":14}},"loc":{"start":{"line":54,"column":32},"end":{"line":57,"column":6}}},"8":{"name":"(anonymous_8)","decl":{"start":{"line":61,"column":13},"end":{"line":61,"column":14}},"loc":{"start":{"line":61,"column":24},"end":{"line":61,"column":29}}},"9":{"name":"(anonymous_9)","decl":{"start":{"line":65,"column":13},"end":{"line":65,"column":14}},"loc":{"start":{"line":65,"column":45},"end":{"line":65,"column":64}}},"10":{"name":"(anonymous_10)","decl":{"start":{"line":69,"column":13},"end":{"line":69,"column":16}},"loc":{"start":{"line":69,"column":19},"end":{"line":69,"column":58}}}},"branchMap":{"0":{"loc":{"start":{"line":8,"column":2},"end":{"line":8,"column":29}},"type":"default-arg","locations":[{"start":{"line":8,"column":27},"end":{"line":8,"column":29}}]},"1":{"loc":{"start":{"line":9,"column":2},"end":{"line":9,"column":31}},"type":"default-arg","locations":[{"start":{"line":9,"column":29},"end":{"line":9,"column":31}}]},"2":{"loc":{"start":{"line":18,"column":8},"end":{"line":18,"column":68}},"type":"cond-expr","locations":[{"start":{"line":18,"column":27},"end":{"line":18,"column":56}},{"start":{"line":18,"column":59},"end":{"line":18,"column":68}}]},"3":{"loc":{"start":{"line":22,"column":4},"end":{"line":24,"column":5}},"type":"if","locations":[{"start":{"line":22,"column":4},"end":{"line":24,"column":5}}]},"4":{"loc":{"start":{"line":26,"column":4},"end":{"line":28,"column":5}},"type":"if","locations":[{"start":{"line":26,"column":4},"end":{"line":28,"column":5}}]},"5":{"loc":{"start":{"line":30,"column":4},"end":{"line":32,"column":5}},"type":"if","locations":[{"start":{"line":30,"column":4},"end":{"line":32,"column":5}}]},"6":{"loc":{"start":{"line":30,"column":8},"end":{"line":30,"column":51}},"type":"binary-expr","locations":[{"start":{"line":30,"column":8},"end":{"line":30,"column":33}},{"start":{"line":30,"column":37},"end":{"line":30,"column":51}}]},"7":{"loc":{"start":{"line":41,"column":10},"end":{"line":43,"column":32}},"type":"cond-expr","locations":[{"start":{"line":42,"column":14},"end":{"line":42,"column":50}},{"start":{"line":43,"column":14},"end":{"line":43,"column":32}}]}},"s":{"0":14,"1":14,"2":14,"3":14,"4":83,"5":83,"6":83,"7":200,"8":800,"9":586,"10":200,"11":120,"12":80,"13":2,"14":78,"15":3,"16":75,"17":75,"18":125,"19":122,"20":83,"21":14,"22":200,"23":1,"24":107,"25":3,"26":12},"f":{"0":83,"1":200,"2":800,"3":586,"4":125,"5":122,"6":200,"7":1,"8":107,"9":3,"10":12},"b":{"0":[13],"1":[16],"2":[123,677],"3":[120],"4":[2],"5":[3],"6":[78,75],"7":[10,112]}}
,"/Users/Yana/Documents/weather_forecast/server/src/modules/logger/services/app-logger.service.ts": {"path":"/Users/Yana/Documents/weather_forecast/server/src/modules/logger/services/app-logger.service.ts","statementMap":{"0":{"start":{"line":1,"column":0},"end":{"line":1,"column":52}},"1":{"start":{"line":2,"column":0},"end":{"line":2,"column":55}},"2":{"start":{"line":3,"column":0},"end":{"line":3,"column":33}},"3":{"start":{"line":5,"column":0},"end":{"line":5,"column":null}},"4":{"start":{"line":12,"column":29},"end":{"line":68,"column":null}},"5":{"start":{"line":15,"column":21},"end":{"line":15,"column":29}},"6":{"start":{"line":16,"column":21},"end":{"line":16,"column":37}},"7":{"start":{"line":20,"column":24},"end":{"line":22,"column":6}},"8":{"start":{"line":24,"column":4},"end":{"line":27,"column":6}},"9":{"start":{"line":31,"column":4},"end":{"line":31,"column":38}},"10":{"start":{"line":35,"column":4},"end":{"line":35,"column":39}},"11":{"start":{"line":39,"column":4},"end":{"line":39,"column":38}},"12":{"start":{"line":47,"column":4},"end":{"line":51,"column":7}},"13":{"start":{"line":55,"column":4},"end":{"line":55,"column":37}},"14":{"start":{"line":63,"column":4},"end":{"line":66,"column":7}},"15":{"start":{"line":12,"column":13},"end":{"line":12,"column":29}},"16":{"start":{"line":12,"column":13},"end":{"line":68,"column":null}}},"fnMap":{"0":{"name":"(anonymous_4)","decl":{"start":{"line":13,"column":2},"end":{"line":13,"column":null}},"loc":{"start":{"line":16,"column":57},"end":{"line":17,"column":6}}},"1":{"name":"(anonymous_5)","decl":{"start":{"line":19,"column":2},"end":{"line":19,"column":7}},"loc":{"start":{"line":19,"column":23},"end":{"line":28,"column":3}}},"2":{"name":"(anonymous_6)","decl":{"start":{"line":30,"column":2},"end":{"line":30,"column":6}},"loc":{"start":{"line":30,"column":38},"end":{"line":32,"column":3}}},"3":{"name":"(anonymous_7)","decl":{"start":{"line":34,"column":2},"end":{"line":34,"column":7}},"loc":{"start":{"line":34,"column":39},"end":{"line":36,"column":3}}},"4":{"name":"(anonymous_8)","decl":{"start":{"line":38,"column":2},"end":{"line":38,"column":6}},"loc":{"start":{"line":38,"column":38},"end":{"line":40,"column":3}}},"5":{"name":"(anonymous_9)","decl":{"start":{"line":42,"column":2},"end":{"line":42,"column":7}},"loc":{"start":{"line":45,"column":18},"end":{"line":52,"column":3}}},"6":{"name":"(anonymous_10)","decl":{"start":{"line":54,"column":2},"end":{"line":54,"column":12}},"loc":{"start":{"line":54,"column":34},"end":{"line":56,"column":3}}},"7":{"name":"(anonymous_11)","decl":{"start":{"line":58,"column":10},"end":{"line":58,"column":15}},"loc":{"start":{"line":61,"column":18},"end":{"line":67,"column":3}}}},"branchMap":{"0":{"loc":{"start":{"line":48,"column":10},"end":{"line":48,"column":20}},"type":"binary-expr","locations":[{"start":{"line":48,"column":10},"end":{"line":48,"column":14}},{"start":{"line":48,"column":18},"end":{"line":48,"column":20}}]},"1":{"loc":{"start":{"line":65,"column":10},"end":{"line":65,"column":20}},"type":"binary-expr","locations":[{"start":{"line":65,"column":10},"end":{"line":65,"column":14}},{"start":{"line":65,"column":18},"end":{"line":65,"column":20}}]}},"s":{"0":17,"1":17,"2":17,"3":17,"4":17,"5":9,"6":9,"7":1,"8":1,"9":2,"10":1,"11":1,"12":2,"13":1,"14":6,"15":17,"16":17},"f":{"0":9,"1":1,"2":2,"3":1,"4":1,"5":2,"6":1,"7":6},"b":{"0":[2,1],"1":[6,3]}}
,"/Users/Yana/Documents/weather_forecast/server/src/modules/logger/services/client-logger.service.ts": {"path":"/Users/Yana/Documents/weather_forecast/server/src/modules/logger/services/client-logger.service.ts","statementMap":{"0":{"start":{"line":1,"column":0},"end":{"line":1,"column":44}},"1":{"start":{"line":2,"column":0},"end":{"line":2,"column":56}},"2":{"start":{"line":8,"column":7},"end":{"line":73,"column":null}},"3":{"start":{"line":9,"column":31},"end":{"line":9,"column":39}},"4":{"start":{"line":12,"column":4},"end":{"line":14,"column":5}},"5":{"start":{"line":13,"column":6},"end":{"line":13,"column":25}},"6":{"start":{"line":18,"column":23},"end":{"line":18,"column":51}},"7":{"start":{"line":20,"column":17},"end":{"line":28,"column":6}},"8":{"start":{"line":30,"column":4},"end":{"line":45,"column":5}},"9":{"start":{"line":32,"column":8},"end":{"line":32,"column":56}},"10":{"start":{"line":33,"column":8},"end":{"line":33,"column":15}},"11":{"start":{"line":36,"column":8},"end":{"line":36,"column":44}},"12":{"start":{"line":37,"column":8},"end":{"line":37,"column":15}},"13":{"start":{"line":40,"column":8},"end":{"line":40,"column":45}},"14":{"start":{"line":41,"column":8},"end":{"line":41,"column":15}},"15":{"start":{"line":44,"column":8},"end":{"line":44,"column":44}},"16":{"start":{"line":49,"column":4},"end":{"line":51,"column":5}},"17":{"start":{"line":50,"column":6},"end":{"line":50,"column":16}},"18":{"start":{"line":53,"column":4},"end":{"line":71,"column":5}},"19":{"start":{"line":54,"column":21},"end":{"line":54,"column":37}},"20":{"start":{"line":56,"column":6},"end":{"line":64,"column":7}},"21":{"start":{"line":61,"column":8},"end":{"line":63,"column":10}},"22":{"start":{"line":66,"column":6},"end":{"line":66,"column":20}},"23":{"start":{"line":68,"column":6},"end":{"line":70,"column":8}},"24":{"start":{"line":8,"column":13},"end":{"line":8,"column":32}},"25":{"start":{"line":8,"column":13},"end":{"line":73,"column":null}}},"fnMap":{"0":{"name":"(anonymous_2)","decl":{"start":{"line":9,"column":2},"end":{"line":9,"column":31}},"loc":{"start":{"line":9,"column":55},"end":{"line":9,"column":59}}},"1":{"name":"(anonymous_3)","decl":{"start":{"line":11,"column":2},"end":{"line":11,"column":11}},"loc":{"start":{"line":11,"column":34},"end":{"line":15,"column":3}}},"2":{"name":"(anonymous_4)","decl":{"start":{"line":17,"column":10},"end":{"line":17,"column":18}},"loc":{"start":{"line":17,"column":38},"end":{"line":46,"column":3}}},"3":{"name":"(anonymous_5)","decl":{"start":{"line":48,"column":10},"end":{"line":48,"column":19}},"loc":{"start":{"line":48,"column":33},"end":{"line":72,"column":3}}}},"branchMap":{"0":{"loc":{"start":{"line":30,"column":4},"end":{"line":45,"column":5}},"type":"switch","locations":[{"start":{"line":31,"column":6},"end":{"line":33,"column":15}},{"start":{"line":35,"column":6},"end":{"line":37,"column":15}},{"start":{"line":39,"column":6},"end":{"line":41,"column":15}},{"start":{"line":43,"column":6},"end":{"line":44,"column":44}}]},"1":{"loc":{"start":{"line":49,"column":4},"end":{"line":51,"column":5}},"type":"if","locations":[{"start":{"line":49,"column":4},"end":{"line":51,"column":5}}]},"2":{"loc":{"start":{"line":56,"column":6},"end":{"line":64,"column":7}},"type":"if","locations":[{"start":{"line":56,"column":6},"end":{"line":64,"column":7}}]},"3":{"loc":{"start":{"line":57,"column":8},"end":{"line":59,"column":29}},"type":"binary-expr","locations":[{"start":{"line":57,"column":8},"end":{"line":57,"column":22}},{"start":{"line":58,"column":8},"end":{"line":58,"column":34}},{"start":{"line":59,"column":8},"end":{"line":59,"column":29}}]}},"s":{"0":17,"1":17,"2":17,"3":10,"4":10,"5":10,"6":10,"7":10,"8":10,"9":1,"10":1,"11":1,"12":1,"13":1,"14":1,"15":7,"16":10,"17":5,"18":5,"19":5,"20":4,"21":3,"22":1,"23":1,"24":17,"25":17},"f":{"0":10,"1":10,"2":10,"3":10},"b":{"0":[1,1,1,7],"1":[5],"2":[3],"3":[4,3,2]}}
,"/Users/Yana/Documents/weather_forecast/server/src/modules/logger/services/logger-context.service.ts": {"path":"/Users/Yana/Documents/weather_forecast/server/src/modules/logger/services/logger-context.service.ts","statementMap":{"0":{"start":{"line":1,"column":0},"end":{"line":1,"column":44}},"1":{"start":{"line":2,"column":0},"end":{"line":2,"column":53}},"2":{"start":{"line":6,"column":7},"end":{"line":52,"column":null}},"3":{"start":{"line":8,"column":4},"end":{"line":8,"column":43}},"4":{"start":{"line":14,"column":4},"end":{"line":14,"column":47}},"5":{"start":{"line":18,"column":4},"end":{"line":18,"column":41}},"6":{"start":{"line":22,"column":18},"end":{"line":22,"column":41}},"7":{"start":{"line":24,"column":4},"end":{"line":26,"column":5}},"8":{"start":{"line":25,"column":6},"end":{"line":25,"column":13}},"9":{"start":{"line":28,"column":4},"end":{"line":28,"column":34}},"10":{"start":{"line":32,"column":18},"end":{"line":32,"column":41}},"11":{"start":{"line":34,"column":4},"end":{"line":36,"column":5}},"12":{"start":{"line":35,"column":6},"end":{"line":35,"column":13}},"13":{"start":{"line":38,"column":4},"end":{"line":40,"column":7}},"14":{"start":{"line":39,"column":6},"end":{"line":39,"column":48}},"15":{"start":{"line":44,"column":16},"end":{"line":44,"column":39}},"16":{"start":{"line":46,"column":4},"end":{"line":50,"column":7}},"17":{"start":{"line":6,"column":13},"end":{"line":6,"column":33}},"18":{"start":{"line":6,"column":13},"end":{"line":52,"column":null}}},"fnMap":{"0":{"name":"(anonymous_1)","decl":{"start":{"line":10,"column":2},"end":{"line":10,"column":5}},"loc":{"start":{"line":12,"column":21},"end":{"line":15,"column":3}}},"1":{"name":"(anonymous_2)","decl":{"start":{"line":17,"column":2},"end":{"line":17,"column":5}},"loc":{"start":{"line":17,"column":5},"end":{"line":19,"column":3}}},"2":{"name":"(anonymous_3)","decl":{"start":{"line":21,"column":2},"end":{"line":21,"column":5}},"loc":{"start":{"line":21,"column":38},"end":{"line":29,"column":3}}},"3":{"name":"(anonymous_4)","decl":{"start":{"line":31,"column":2},"end":{"line":31,"column":7}},"loc":{"start":{"line":31,"column":7},"end":{"line":41,"column":3}}},"4":{"name":"(anonymous_5)","decl":{"start":{"line":38,"column":31},"end":{"line":38,"column":32}},"loc":{"start":{"line":38,"column":39},"end":{"line":40,"column":5}}},"5":{"name":"(anonymous_6)","decl":{"start":{"line":43,"column":2},"end":{"line":43,"column":14}},"loc":{"start":{"line":43,"column":28},"end":{"line":51,"column":3}}}},"branchMap":{"0":{"loc":{"start":{"line":18,"column":11},"end":{"line":18,"column":40}},"type":"binary-expr","locations":[{"start":{"line":18,"column":11},"end":{"line":18,"column":34}},{"start":{"line":18,"column":38},"end":{"line":18,"column":40}}]},"1":{"loc":{"start":{"line":24,"column":4},"end":{"line":26,"column":5}},"type":"if","locations":[{"start":{"line":24,"column":4},"end":{"line":26,"column":5}}]},"2":{"loc":{"start":{"line":34,"column":4},"end":{"line":36,"column":5}},"type":"if","locations":[{"start":{"line":34,"column":4},"end":{"line":36,"column":5}}]},"3":{"loc":{"start":{"line":48,"column":12},"end":{"line":48,"column":39}},"type":"cond-expr","locations":[{"start":{"line":48,"column":18},"end":{"line":48,"column":34}},{"start":{"line":48,"column":37},"end":{"line":48,"column":39}}]}},"s":{"0":18,"1":18,"2":18,"3":9,"4":5,"5":4,"6":2,"7":2,"8":1,"9":1,"10":2,"11":2,"12":1,"13":1,"14":2,"15":2,"16":2,"17":18,"18":18},"f":{"0":5,"1":4,"2":2,"3":2,"4":2,"5":2},"b":{"0":[4,1],"1":[1],"2":[1],"3":[1,1]}}
,"/Users/Yana/Documents/weather_forecast/server/src/modules/users/services/user.service.ts": {"path":"/Users/Yana/Documents/weather_forecast/server/src/modules/users/services/user.service.ts","statementMap":{"0":{"start":{"line":1,"column":0},"end":{"line":1,"column":44}},"1":{"start":{"line":2,"column":0},"end":{"line":2,"column":37}},"2":{"start":{"line":3,"column":0},"end":{"line":3,"column":45}},"3":{"start":{"line":4,"column":0},"end":{"line":4,"column":51}},"4":{"start":{"line":5,"column":0},"end":{"line":5,"column":54}},"5":{"start":{"line":6,"column":0},"end":{"line":6,"column":42}},"6":{"start":{"line":7,"column":0},"end":{"line":7,"column":52}},"7":{"start":{"line":10,"column":0},"end":{"line":10,"column":44}},"8":{"start":{"line":12,"column":24},"end":{"line":69,"column":null}},"9":{"start":{"line":17,"column":21},"end":{"line":17,"column":37}},"10":{"start":{"line":18,"column":21},"end":{"line":18,"column":37}},"11":{"start":{"line":21,"column":4},"end":{"line":21,"column":56}},"12":{"start":{"line":26,"column":4},"end":{"line":26,"column":61}},"13":{"start":{"line":31,"column":4},"end":{"line":31,"column":58}},"14":{"start":{"line":36,"column":27},"end":{"line":38,"column":6}},"15":{"start":{"line":40,"column":17},"end":{"line":44,"column":6}},"16":{"start":{"line":46,"column":18},"end":{"line":46,"column":54}},"17":{"start":{"line":48,"column":4},"end":{"line":50,"column":7}},"18":{"start":{"line":52,"column":4},"end":{"line":52,"column":17}},"19":{"start":{"line":57,"column":17},"end":{"line":57,"column":49}},"20":{"start":{"line":58,"column":4},"end":{"line":58,"column":42}},"21":{"start":{"line":65,"column":4},"end":{"line":67,"column":7}},"22":{"start":{"line":12,"column":13},"end":{"line":12,"column":24}},"23":{"start":{"line":25,"column":8},"end":{"line":27,"column":null}},"24":{"start":{"line":30,"column":8},"end":{"line":32,"column":null}},"25":{"start":{"line":35,"column":8},"end":{"line":53,"column":null}},"26":{"start":{"line":56,"column":8},"end":{"line":59,"column":null}},"27":{"start":{"line":62,"column":8},"end":{"line":68,"column":null}},"28":{"start":{"line":12,"column":13},"end":{"line":69,"column":null}}},"fnMap":{"0":{"name":"(anonymous_4)","decl":{"start":{"line":15,"column":2},"end":{"line":15,"column":null}},"loc":{"start":{"line":19,"column":35},"end":{"line":22,"column":3}}},"1":{"name":"(anonymous_5)","decl":{"start":{"line":25,"column":2},"end":{"line":25,"column":7}},"loc":{"start":{"line":25,"column":33},"end":{"line":27,"column":3}}},"2":{"name":"(anonymous_6)","decl":{"start":{"line":30,"column":2},"end":{"line":30,"column":7}},"loc":{"start":{"line":30,"column":27},"end":{"line":32,"column":3}}},"3":{"name":"(anonymous_7)","decl":{"start":{"line":35,"column":2},"end":{"line":35,"column":7}},"loc":{"start":{"line":35,"column":37},"end":{"line":53,"column":3}}},"4":{"name":"(anonymous_8)","decl":{"start":{"line":56,"column":2},"end":{"line":56,"column":7}},"loc":{"start":{"line":56,"column":44},"end":{"line":59,"column":3}}},"5":{"name":"(anonymous_9)","decl":{"start":{"line":62,"column":2},"end":{"line":62,"column":7}},"loc":{"start":{"line":63,"column":43},"end":{"line":68,"column":3}}}},"branchMap":{},"s":{"0":9,"1":9,"2":9,"3":9,"4":9,"5":9,"6":9,"7":9,"8":9,"9":5,"10":5,"11":5,"12":1,"13":1,"14":1,"15":1,"16":1,"17":1,"18":1,"19":1,"20":1,"21":1,"22":9,"23":9,"24":9,"25":9,"26":9,"27":9,"28":9},"f":{"0":5,"1":1,"2":1,"3":1,"4":1,"5":1},"b":{}}
,"/Users/Yana/Documents/weather_forecast/server/src/modules/weather/constants/open-weather.constants.ts": {"path":"/Users/Yana/Documents/weather_forecast/server/src/modules/weather/constants/open-weather.constants.ts","statementMap":{"0":{"start":{"line":1,"column":13},"end":{"line":1,"column":43}},"1":{"start":{"line":2,"column":13},"end":{"line":2,"column":48}},"2":{"start":{"line":4,"column":13},"end":{"line":4,"column":47}},"3":{"start":{"line":5,"column":13},"end":{"line":5,"column":49}},"4":{"start":{"line":6,"column":13},"end":{"line":6,"column":50}}},"fnMap":{},"branchMap":{},"s":{"0":4,"1":4,"2":4,"3":4,"4":4},"f":{},"b":{}}
,"/Users/Yana/Documents/weather_forecast/server/src/modules/weather/services/open-weather-api.service.ts": {"path":"/Users/Yana/Documents/weather_forecast/server/src/modules/weather/services/open-weather-api.service.ts","statementMap":{"0":{"start":{"line":1,"column":0},"end":{"line":1,"column":52}},"1":{"start":{"line":2,"column":0},"end":{"line":2,"column":44}},"2":{"start":{"line":3,"column":0},"end":{"line":3,"column":38}},"3":{"start":{"line":10,"column":0},"end":{"line":10,"column":null}},"4":{"start":{"line":15,"column":0},"end":{"line":15,"column":null}},"5":{"start":{"line":22,"column":7},"end":{"line":76,"column":null}},"6":{"start":{"line":24,"column":21},"end":{"line":24,"column":27}},"7":{"start":{"line":26,"column":21},"end":{"line":26,"column":50}},"8":{"start":{"line":28,"column":21},"end":{"line":28,"column":42}},"9":{"start":{"line":32,"column":4},"end":{"line":35,"column":6}},"10":{"start":{"line":39,"column":21},"end":{"line":40,"column":null}},"11":{"start":{"line":42,"column":4},"end":{"line":42,"column":16}},"12":{"start":{"line":49,"column":4},"end":{"line":49,"column":80}},"13":{"start":{"line":53,"column":4},"end":{"line":56,"column":6}},"14":{"start":{"line":62,"column":4},"end":{"line":65,"column":6}},"15":{"start":{"line":71,"column":4},"end":{"line":74,"column":6}},"16":{"start":{"line":22,"column":13},"end":{"line":22,"column":34}},"17":{"start":{"line":22,"column":13},"end":{"line":76,"column":null}}},"fnMap":{"0":{"name":"(anonymous_4)","decl":{"start":{"line":23,"column":2},"end":{"line":23,"column":null}},"loc":{"start":{"line":28,"column":42},"end":{"line":29,"column":6}}},"1":{"name":"(anonymous_5)","decl":{"start":{"line":31,"column":2},"end":{"line":31,"column":14}},"loc":{"start":{"line":31,"column":24},"end":{"line":36,"column":3}}},"2":{"name":"(anonymous_6)","decl":{"start":{"line":38,"column":10},"end":{"line":38,"column":15}},"loc":{"start":{"line":38,"column":63},"end":{"line":43,"column":3}}},"3":{"name":"(anonymous_7)","decl":{"start":{"line":45,"column":10},"end":{"line":45,"column":15}},"loc":{"start":{"line":47,"column":33},"end":{"line":50,"column":3}}},"4":{"name":"(anonymous_8)","decl":{"start":{"line":52,"column":2},"end":{"line":52,"column":7}},"loc":{"start":{"line":52,"column":34},"end":{"line":57,"column":3}}},"5":{"name":"(anonymous_9)","decl":{"start":{"line":59,"column":2},"end":{"line":59,"column":7}},"loc":{"start":{"line":60,"column":33},"end":{"line":66,"column":3}}},"6":{"name":"(anonymous_10)","decl":{"start":{"line":68,"column":2},"end":{"line":68,"column":7}},"loc":{"start":{"line":69,"column":33},"end":{"line":75,"column":3}}}},"branchMap":{},"s":{"0":4,"1":4,"2":4,"3":4,"4":4,"5":4,"6":3,"7":3,"8":3,"9":3,"10":3,"11":3,"12":2,"13":1,"14":1,"15":1,"16":4,"17":4},"f":{"0":3,"1":3,"2":3,"3":2,"4":1,"5":1,"6":1},"b":{}}
,"/Users/Yana/Documents/weather_forecast/server/src/modules/weather/services/weather.service.ts": {"path":"/Users/Yana/Documents/weather_forecast/server/src/modules/weather/services/weather.service.ts","statementMap":{"0":{"start":{"line":1,"column":0},"end":{"line":1,"column":44}},"1":{"start":{"line":8,"column":0},"end":{"line":8,"column":47}},"2":{"start":{"line":9,"column":0},"end":{"line":9,"column":67}},"3":{"start":{"line":10,"column":0},"end":{"line":10,"column":98}},"4":{"start":{"line":13,"column":7},"end":{"line":54,"column":null}},"5":{"start":{"line":14,"column":31},"end":{"line":14,"column":43}},"6":{"start":{"line":18,"column":4},"end":{"line":18,"column":47}},"7":{"start":{"line":23,"column":32},"end":{"line":26,"column":6}},"8":{"start":{"line":28,"column":27},"end":{"line":28,"column":83}},"9":{"start":{"line":29,"column":27},"end":{"line":29,"column":89}},"10":{"start":{"line":30,"column":27},"end":{"line":30,"column":58}},"11":{"start":{"line":32,"column":4},"end":{"line":40,"column":6}},"12":{"start":{"line":45,"column":27},"end":{"line":45,"column":68}},"13":{"start":{"line":47,"column":4},"end":{"line":52,"column":6}},"14":{"start":{"line":50,"column":60},"end":{"line":50,"column":65}},"15":{"start":{"line":51,"column":60},"end":{"line":51,"column":73}},"16":{"start":{"line":13,"column":13},"end":{"line":13,"column":27}},"17":{"start":{"line":17,"column":8},"end":{"line":19,"column":null}},"18":{"start":{"line":22,"column":8},"end":{"line":41,"column":null}},"19":{"start":{"line":44,"column":8},"end":{"line":53,"column":null}},"20":{"start":{"line":13,"column":13},"end":{"line":54,"column":null}}},"fnMap":{"0":{"name":"(anonymous_2)","decl":{"start":{"line":14,"column":2},"end":{"line":14,"column":31}},"loc":{"start":{"line":14,"column":64},"end":{"line":14,"column":68}}},"1":{"name":"(anonymous_3)","decl":{"start":{"line":17,"column":2},"end":{"line":17,"column":7}},"loc":{"start":{"line":17,"column":34},"end":{"line":19,"column":3}}},"2":{"name":"(anonymous_4)","decl":{"start":{"line":22,"column":2},"end":{"line":22,"column":7}},"loc":{"start":{"line":22,"column":55},"end":{"line":41,"column":3}}},"3":{"name":"(anonymous_5)","decl":{"start":{"line":44,"column":2},"end":{"line":44,"column":7}},"loc":{"start":{"line":44,"column":55},"end":{"line":53,"column":3}}},"4":{"name":"(anonymous_6)","decl":{"start":{"line":50,"column":53},"end":{"line":50,"column":54}},"loc":{"start":{"line":50,"column":60},"end":{"line":50,"column":65}}},"5":{"name":"(anonymous_7)","decl":{"start":{"line":51,"column":53},"end":{"line":51,"column":54}},"loc":{"start":{"line":51,"column":60},"end":{"line":51,"column":73}}}},"branchMap":{"0":{"loc":{"start":{"line":28,"column":54},"end":{"line":28,"column":82}},"type":"binary-expr","locations":[{"start":{"line":28,"column":54},"end":{"line":28,"column":77}},{"start":{"line":28,"column":81},"end":{"line":28,"column":82}}]},"1":{"loc":{"start":{"line":29,"column":60},"end":{"line":29,"column":88}},"type":"binary-expr","locations":[{"start":{"line":29,"column":60},"end":{"line":29,"column":83}},{"start":{"line":29,"column":87},"end":{"line":29,"column":88}}]},"2":{"loc":{"start":{"line":38,"column":18},"end":{"line":38,"column":61}},"type":"binary-expr","locations":[{"start":{"line":38,"column":18},"end":{"line":38,"column":55}},{"start":{"line":38,"column":59},"end":{"line":38,"column":61}}]}},"s":{"0":3,"1":3,"2":3,"3":3,"4":3,"5":4,"6":1,"7":2,"8":2,"9":2,"10":2,"11":2,"12":1,"13":1,"14":3,"15":3,"16":3,"17":3,"18":3,"19":3,"20":3},"f":{"0":4,"1":1,"2":2,"3":1,"4":3,"5":3},"b":{"0":[2,1],"1":[2,1],"2":[2,1]}}
,"/Users/Yana/Documents/weather_forecast/server/src/modules/weather/utils/calculate-average.util.ts": {"path":"/Users/Yana/Documents/weather_forecast/server/src/modules/weather/utils/calculate-average.util.ts","statementMap":{"0":{"start":{"line":1,"column":32},"end":{"line":13,"column":1}},"1":{"start":{"line":2,"column":2},"end":{"line":4,"column":3}},"2":{"start":{"line":3,"column":4},"end":{"line":3,"column":13}},"3":{"start":{"line":6,"column":19},"end":{"line":9,"column":null}},"4":{"start":{"line":8,"column":6},"end":{"line":8,"column":35}},"5":{"start":{"line":12,"column":2},"end":{"line":12,"column":34}},"6":{"start":{"line":1,"column":13},"end":{"line":1,"column":32}}},"fnMap":{"0":{"name":"(anonymous_0)","decl":{"start":{"line":1,"column":32},"end":{"line":1,"column":33}},"loc":{"start":{"line":1,"column":61},"end":{"line":13,"column":1}}},"1":{"name":"(anonymous_1)","decl":{"start":{"line":7,"column":4},"end":{"line":7,"column":5}},"loc":{"start":{"line":8,"column":6},"end":{"line":8,"column":35}}}},"branchMap":{"0":{"loc":{"start":{"line":2,"column":2},"end":{"line":4,"column":3}},"type":"if","locations":[{"start":{"line":2,"column":2},"end":{"line":4,"column":3}}]}},"s":{"0":5,"1":76,"2":1,"3":75,"4":150,"5":75,"6":5},"f":{"0":76,"1":150},"b":{"0":[1]}}
,"/Users/Yana/Documents/weather_forecast/server/src/modules/weather/utils/format-unix-time.util.ts": {"path":"/Users/Yana/Documents/weather_forecast/server/src/modules/weather/utils/format-unix-time.util.ts","statementMap":{"0":{"start":{"line":1,"column":30},"end":{"line":11,"column":1}},"1":{"start":{"line":6,"column":4},"end":{"line":6,"column":52}},"2":{"start":{"line":8,"column":2},"end":{"line":10,"column":19}},"3":{"start":{"line":1,"column":13},"end":{"line":1,"column":30}}},"fnMap":{"0":{"name":"(anonymous_0)","decl":{"start":{"line":1,"column":30},"end":{"line":1,"column":null}},"loc":{"start":{"line":4,"column":12},"end":{"line":11,"column":1}}}},"branchMap":{"0":{"loc":{"start":{"line":3,"column":2},"end":{"line":3,"column":29}},"type":"default-arg","locations":[{"start":{"line":3,"column":28},"end":{"line":3,"column":29}}]}},"s":{"0":5,"1":39,"2":39,"3":5},"f":{"0":39},"b":{"0":[2]}}
,"/Users/Yana/Documents/weather_forecast/server/src/modules/weather/utils/group-forecast-by-date.util.ts": {"path":"/Users/Yana/Documents/weather_forecast/server/src/modules/weather/utils/group-forecast-by-date.util.ts","statementMap":{"0":{"start":{"line":3,"column":35},"end":{"line":21,"column":null}},"1":{"start":{"line":6,"column":2},"end":{"line":21,"column":null}},"2":{"start":{"line":11,"column":27},"end":{"line":11,"column":60}},"3":{"start":{"line":13,"column":6},"end":{"line":15,"column":7}},"4":{"start":{"line":14,"column":8},"end":{"line":14,"column":48}},"5":{"start":{"line":17,"column":6},"end":{"line":17,"column":60}},"6":{"start":{"line":19,"column":6},"end":{"line":19,"column":34}},"7":{"start":{"line":3,"column":13},"end":{"line":3,"column":35}}},"fnMap":{"0":{"name":"(anonymous_0)","decl":{"start":{"line":3,"column":35},"end":{"line":3,"column":null}},"loc":{"start":{"line":6,"column":2},"end":{"line":21,"column":null}}},"1":{"name":"(anonymous_1)","decl":{"start":{"line":7,"column":4},"end":{"line":7,"column":null}},"loc":{"start":{"line":10,"column":8},"end":{"line":20,"column":5}}}},"branchMap":{"0":{"loc":{"start":{"line":13,"column":6},"end":{"line":15,"column":7}},"type":"if","locations":[{"start":{"line":13,"column":6},"end":{"line":15,"column":7}}]}},"s":{"0":5,"1":7,"2":40,"3":40,"4":23,"5":40,"6":40,"7":5},"f":{"0":7,"1":40},"b":{"0":[23]}}
,"/Users/Yana/Documents/weather_forecast/server/src/modules/weather/utils/weather-mappers.ts": {"path":"/Users/Yana/Documents/weather_forecast/server/src/modules/weather/utils/weather-mappers.ts","statementMap":{"0":{"start":{"line":4,"column":0},"end":{"line":4,"column":16}},"1":{"start":{"line":18,"column":0},"end":{"line":18,"column":16}},"2":{"start":{"line":27,"column":0},"end":{"line":27,"column":16}},"3":{"start":{"line":2,"column":0},"end":{"line":2,"column":81}},"4":{"start":{"line":5,"column":2},"end":{"line":15,"column":4}},"5":{"start":{"line":19,"column":2},"end":{"line":24,"column":6}},"6":{"start":{"line":19,"column":49},"end":{"line":24,"column":4}},"7":{"start":{"line":28,"column":18},"end":{"line":28,"column":51}},"8":{"start":{"line":30,"column":2},"end":{"line":44,"column":8}},"9":{"start":{"line":32,"column":29},"end":{"line":44,"column":6}},"10":{"start":{"line":34,"column":51},"end":{"line":34,"column":62}},"11":{"start":{"line":35,"column":51},"end":{"line":35,"column":62}},"12":{"start":{"line":38,"column":50},"end":{"line":38,"column":65}},"13":{"start":{"line":39,"column":50},"end":{"line":39,"column":65}},"14":{"start":{"line":40,"column":48},"end":{"line":40,"column":60}},"15":{"start":{"line":41,"column":51},"end":{"line":41,"column":63}},"16":{"start":{"line":42,"column":56},"end":{"line":42,"column":66}},"17":{"start":{"line":43,"column":51},"end":{"line":43,"column":68}}},"fnMap":{"0":{"name":"mapCurrentWeather","decl":{"start":{"line":4,"column":16},"end":{"line":4,"column":33}},"loc":{"start":{"line":4,"column":80},"end":{"line":16,"column":1}}},"1":{"name":"mapHourlyForecast","decl":{"start":{"line":18,"column":16},"end":{"line":18,"column":33}},"loc":{"start":{"line":18,"column":94},"end":{"line":25,"column":1}}},"2":{"name":"(anonymous_2)","decl":{"start":{"line":19,"column":38},"end":{"line":19,"column":39}},"loc":{"start":{"line":19,"column":49},"end":{"line":24,"column":4}}},"3":{"name":"mapDailyForecast","decl":{"start":{"line":27,"column":16},"end":{"line":27,"column":32}},"loc":{"start":{"line":27,"column":75},"end":{"line":45,"column":1}}},"4":{"name":"(anonymous_4)","decl":{"start":{"line":32,"column":9},"end":{"line":32,"column":10}},"loc":{"start":{"line":32,"column":29},"end":{"line":44,"column":6}}},"5":{"name":"(anonymous_5)","decl":{"start":{"line":34,"column":44},"end":{"line":34,"column":45}},"loc":{"start":{"line":34,"column":51},"end":{"line":34,"column":62}}},"6":{"name":"(anonymous_6)","decl":{"start":{"line":35,"column":44},"end":{"line":35,"column":45}},"loc":{"start":{"line":35,"column":51},"end":{"line":35,"column":62}}},"7":{"name":"(anonymous_7)","decl":{"start":{"line":38,"column":43},"end":{"line":38,"column":44}},"loc":{"start":{"line":38,"column":50},"end":{"line":38,"column":65}}},"8":{"name":"(anonymous_8)","decl":{"start":{"line":39,"column":43},"end":{"line":39,"column":44}},"loc":{"start":{"line":39,"column":50},"end":{"line":39,"column":65}}},"9":{"name":"(anonymous_9)","decl":{"start":{"line":40,"column":41},"end":{"line":40,"column":42}},"loc":{"start":{"line":40,"column":48},"end":{"line":40,"column":60}}},"10":{"name":"(anonymous_10)","decl":{"start":{"line":41,"column":44},"end":{"line":41,"column":45}},"loc":{"start":{"line":41,"column":51},"end":{"line":41,"column":63}}},"11":{"name":"(anonymous_11)","decl":{"start":{"line":42,"column":49},"end":{"line":42,"column":50}},"loc":{"start":{"line":42,"column":56},"end":{"line":42,"column":66}}},"12":{"name":"(anonymous_12)","decl":{"start":{"line":43,"column":44},"end":{"line":43,"column":45}},"loc":{"start":{"line":43,"column":51},"end":{"line":43,"column":68}}}},"branchMap":{"0":{"loc":{"start":{"line":42,"column":56},"end":{"line":42,"column":66}},"type":"binary-expr","locations":[{"start":{"line":42,"column":56},"end":{"line":42,"column":61}},{"start":{"line":42,"column":65},"end":{"line":42,"column":66}}]}},"s":{"0":4,"1":4,"2":4,"3":4,"4":4,"5":3,"6":27,"7":5,"8":5,"9":12,"10":24,"11":24,"12":24,"13":24,"14":24,"15":24,"16":24,"17":24},"f":{"0":4,"1":3,"2":27,"3":5,"4":12,"5":24,"6":24,"7":24,"8":24,"9":24,"10":24,"11":24,"12":24},"b":{"0":[24,6]}}
,"/Users/Yana/Documents/weather_forecast/server/src/shared/constants.ts": {"path":"/Users/Yana/Documents/weather_forecast/server/src/shared/constants.ts","statementMap":{"0":{"start":{"line":1,"column":0},"end":{"line":1,"column":null}},"1":{"start":{"line":2,"column":2},"end":{"line":2,"column":null}},"2":{"start":{"line":3,"column":2},"end":{"line":3,"column":null}},"3":{"start":{"line":6,"column":0},"end":{"line":6,"column":null}},"4":{"start":{"line":7,"column":2},"end":{"line":7,"column":null}},"5":{"start":{"line":8,"column":2},"end":{"line":8,"column":null}}},"fnMap":{"0":{"name":"(anonymous_0)","decl":{"start":{"line":1,"column":0},"end":{"line":1,"column":12}},"loc":{"start":{"line":1,"column":21},"end":{"line":4,"column":1}}},"1":{"name":"(anonymous_1)","decl":{"start":{"line":6,"column":0},"end":{"line":6,"column":12}},"loc":{"start":{"line":6,"column":26},"end":{"line":9,"column":1}}}},"branchMap":{"0":{"loc":{"start":{"line":1,"column":12},"end":{"line":1,"column":null}},"type":"binary-expr","locations":[{"start":{"line":1,"column":12},"end":{"line":1,"column":21}},{"start":{"line":1,"column":21},"end":{"line":1,"column":null}}]},"1":{"loc":{"start":{"line":6,"column":12},"end":{"line":6,"column":null}},"type":"binary-expr","locations":[{"start":{"line":6,"column":12},"end":{"line":6,"column":26}},{"start":{"line":6,"column":26},"end":{"line":6,"column":null}}]}},"s":{"0":2,"1":2,"2":2,"3":2,"4":2,"5":2},"f":{"0":2,"1":2},"b":{"0":[2,2],"1":[2,2]}}
,"/Users/Yana/Documents/weather_forecast/server/src/shared/utils/build-connection.ts": {"path":"/Users/Yana/Documents/weather_forecast/server/src/shared/utils/build-connection.ts","statementMap":{"0":{"start":{"line":1,"column":0},"end":{"line":1,"column":47}},"1":{"start":{"line":9,"column":31},"end":{"line":40,"column":1}},"2":{"start":{"line":14,"column":22},"end":{"line":14,"column":45}},"3":{"start":{"line":16,"column":37},"end":{"line":16,"column":61}},"4":{"start":{"line":18,"column":16},"end":{"line":28,"column":4}},"5":{"start":{"line":19,"column":19},"end":{"line":22,"column":6}},"6":{"start":{"line":24,"column":4},"end":{"line":27,"column":6}},"7":{"start":{"line":30,"column":20},"end":{"line":30,"column":81}},"8":{"start":{"line":32,"column":2},"end":{"line":39,"column":4}},"9":{"start":{"line":9,"column":13},"end":{"line":9,"column":31}}},"fnMap":{"0":{"name":"(anonymous_0)","decl":{"start":{"line":9,"column":31},"end":{"line":9,"column":71}},"loc":{"start":{"line":13,"column":46},"end":{"line":40,"column":1}}},"1":{"name":"(anonymous_1)","decl":{"start":{"line":18,"column":36},"end":{"line":18,"column":37}},"loc":{"start":{"line":18,"column":47},"end":{"line":28,"column":3}}}},"branchMap":{"0":{"loc":{"start":{"line":30,"column":20},"end":{"line":30,"column":81}},"type":"cond-expr","locations":[{"start":{"line":30,"column":39},"end":{"line":30,"column":69}},{"start":{"line":30,"column":72},"end":{"line":30,"column":81}}]}},"s":{"0":2,"1":2,"2":3,"3":3,"4":3,"5":3,"6":3,"7":3,"8":3,"9":2},"f":{"0":3,"1":3},"b":{"0":[2,1]}}
,"/Users/Yana/Documents/weather_forecast/server/src/shared/utils/create-validation-pipe.util.ts": {"path":"/Users/Yana/Documents/weather_forecast/server/src/shared/utils/create-validation-pipe.util.ts","statementMap":{"0":{"start":{"line":4,"column":0},"end":{"line":4,"column":16}},"1":{"start":{"line":1,"column":0},"end":{"line":1,"column":53}},"2":{"start":{"line":2,"column":0},"end":{"line":2,"column":70}},"3":{"start":{"line":5,"column":2},"end":{"line":19,"column":5}},"4":{"start":{"line":11,"column":6},"end":{"line":17,"column":9}},"5":{"start":{"line":13,"column":39},"end":{"line":16,"column":10}}},"fnMap":{"0":{"name":"createValidationPipe","decl":{"start":{"line":4,"column":16},"end":{"line":4,"column":36}},"loc":{"start":{"line":4,"column":36},"end":{"line":20,"column":1}}},"1":{"name":"(anonymous_1)","decl":{"start":{"line":10,"column":4},"end":{"line":10,"column":20}},"loc":{"start":{"line":10,"column":27},"end":{"line":18,"column":5}}},"2":{"name":"(anonymous_2)","decl":{"start":{"line":13,"column":27},"end":{"line":13,"column":28}},"loc":{"start":{"line":13,"column":39},"end":{"line":16,"column":10}}}},"branchMap":{},"s":{"0":11,"1":11,"2":11,"3":2,"4":1,"5":1},"f":{"0":2,"1":1,"2":1},"b":{}}
,"/Users/Yana/Documents/weather_forecast/server/src/shared/utils/decode-cursor.ts": {"path":"/Users/Yana/Documents/weather_forecast/server/src/shared/utils/decode-cursor.ts","statementMap":{"0":{"start":{"line":1,"column":28},"end":{"line":7,"column":1}},"1":{"start":{"line":4,"column":2},"end":{"line":6,"column":4}},"2":{"start":{"line":1,"column":13},"end":{"line":1,"column":28}}},"fnMap":{"0":{"name":"(anonymous_0)","decl":{"start":{"line":1,"column":28},"end":{"line":1,"column":null}},"loc":{"start":{"line":3,"column":7},"end":{"line":7,"column":1}}}},"branchMap":{},"s":{"0":3,"1":6,"2":3},"f":{"0":6},"b":{}}
,"/Users/Yana/Documents/weather_forecast/server/src/shared/utils/encode-cursor.ts": {"path":"/Users/Yana/Documents/weather_forecast/server/src/shared/utils/encode-cursor.ts","statementMap":{"0":{"start":{"line":1,"column":28},"end":{"line":7,"column":1}},"1":{"start":{"line":4,"column":2},"end":{"line":6,"column":23}},"2":{"start":{"line":1,"column":13},"end":{"line":1,"column":28}}},"fnMap":{"0":{"name":"(anonymous_0)","decl":{"start":{"line":1,"column":28},"end":{"line":1,"column":null}},"loc":{"start":{"line":3,"column":12},"end":{"line":7,"column":1}}}},"branchMap":{},"s":{"0":2,"1":3,"2":2},"f":{"0":3},"b":{}}
,"/Users/Yana/Documents/weather_forecast/server/src/shared/utils/is-primitive-value.ts": {"path":"/Users/Yana/Documents/weather_forecast/server/src/shared/utils/is-primitive-value.ts","statementMap":{"0":{"start":{"line":1,"column":0},"end":{"line":1,"column":16}},"1":{"start":{"line":2,"column":2},"end":{"line":5,"column":4}}},"fnMap":{"0":{"name":"isPrimitiveValue","decl":{"start":{"line":1,"column":16},"end":{"line":1,"column":32}},"loc":{"start":{"line":1,"column":47},"end":{"line":6,"column":1}}}},"branchMap":{"0":{"loc":{"start":{"line":3,"column":4},"end":{"line":4,"column":62}},"type":"binary-expr","locations":[{"start":{"line":3,"column":4},"end":{"line":3,"column":18}},{"start":{"line":4,"column":5},"end":{"line":4,"column":30}},{"start":{"line":4,"column":34},"end":{"line":4,"column":61}}]}},"s":{"0":15,"1":211},"f":{"0":211},"b":{"0":[211,208,112]}}
,"/Users/Yana/Documents/weather_forecast/server/src/shared/utils/parse-ms.ts": {"path":"/Users/Yana/Documents/weather_forecast/server/src/shared/utils/parse-ms.ts","statementMap":{"0":{"start":{"line":3,"column":0},"end":{"line":3,"column":16}},"1":{"start":{"line":1,"column":0},"end":{"line":1,"column":37}},"2":{"start":{"line":4,"column":17},"end":{"line":4,"column":26}},"3":{"start":{"line":6,"column":2},"end":{"line":8,"column":3}},"4":{"start":{"line":7,"column":4},"end":{"line":7,"column":50}},"5":{"start":{"line":10,"column":2},"end":{"line":10,"column":16}}},"fnMap":{"0":{"name":"parseMs","decl":{"start":{"line":3,"column":16},"end":{"line":3,"column":23}},"loc":{"start":{"line":3,"column":42},"end":{"line":11,"column":1}}}},"branchMap":{"0":{"loc":{"start":{"line":6,"column":2},"end":{"line":8,"column":3}},"type":"if","locations":[{"start":{"line":6,"column":2},"end":{"line":8,"column":3}}]}},"s":{"0":11,"1":11,"2":9,"3":8,"4":1,"5":7},"f":{"0":9},"b":{"0":[1]}}
}
