TN:
SF:src/modules/auth/constants.ts
FN:8,(anonymous_0)
FNF:1
FNH:1
FNDA:9,(anonymous_0)
DA:1,9
DA:3,9
DA:4,9
DA:5,9
DA:6,9
DA:8,9
DA:9,9
DA:10,9
DA:13,9
LF:9
LH:9
BRDA:8,0,0,9
BRDA:8,0,1,9
BRF:2
BRH:2
end_of_record
TN:
SF:src/modules/auth/types.ts
FN:4,(anonymous_0)
FN:9,(anonymous_1)
FNF:2
FNH:2
FNDA:10,(anonymous_0)
FNDA:10,(anonymous_1)
DA:4,10
DA:5,10
DA:6,10
DA:9,10
DA:10,10
DA:11,10
LF:6
LH:6
BRDA:4,0,0,10
BRDA:4,0,1,10
BRDA:9,1,0,10
BRDA:9,1,1,10
BRF:4
BRH:4
end_of_record
TN:
SF:src/modules/auth/guards/access-jwt.guard.ts
FN:10,(anonymous_1)
FN:15,(anonymous_2)
FN:19,(anonymous_3)
FNF:3
FNH:3
FNDA:4,(anonymous_1)
FNDA:3,(anonymous_2)
FNDA:2,(anonymous_3)
DA:1,4
DA:2,4
DA:3,4
DA:6,4
DA:9,4
DA:11,4
DA:12,4
DA:16,3
DA:20,2
DA:21,1
LF:10
LH:10
BRDA:20,0,0,1
BRF:1
BRH:1
end_of_record
TN:
SF:src/modules/auth/guards/base-jwt.guard.ts
FN:13,(anonymous_2)
FN:23,(anonymous_3)
FNF:2
FNH:2
FNDA:48,(anonymous_2)
FNDA:8,(anonymous_3)
DA:1,5
DA:2,5
DA:3,5
DA:4,5
DA:8,5
DA:9,5
DA:12,5
DA:14,48
DA:15,48
DA:16,48
DA:24,8
DA:25,8
DA:26,8
DA:28,8
DA:29,2
DA:32,6
DA:33,6
DA:40,4
DA:42,2
DA:43,2
DA:45,2
DA:47,4
DA:48,4
DA:50,4
LF:24
LH:24
BRDA:28,0,0,2
BRF:1
BRH:1
end_of_record
TN:
SF:src/modules/auth/guards/refresh-jwt.guard.ts
FN:9,(anonymous_1)
FN:13,(anonymous_2)
FN:17,(anonymous_3)
FNF:3
FNH:3
FNDA:4,(anonymous_1)
FNDA:3,(anonymous_2)
FNDA:2,(anonymous_3)
DA:1,4
DA:2,4
DA:5,4
DA:8,4
DA:10,4
DA:14,3
DA:18,2
DA:19,1
LF:8
LH:8
BRDA:18,0,0,1
BRF:1
BRH:1
end_of_record
TN:
SF:src/modules/auth/services/auth-cookie.service.ts
FN:16,(anonymous_2)
FN:25,(anonymous_3)
FN:30,(anonymous_4)
FN:35,(anonymous_5)
FN:45,(anonymous_6)
FN:55,(anonymous_7)
FN:60,(anonymous_8)
FN:65,(anonymous_9)
FN:70,(anonymous_10)
FN:74,(anonymous_11)
FN:78,(anonymous_12)
FN:88,(anonymous_13)
FNF:12
FNH:12
FNDA:9,(anonymous_2)
FNDA:2,(anonymous_3)
FNDA:2,(anonymous_4)
FNDA:1,(anonymous_5)
FNDA:1,(anonymous_6)
FNDA:1,(anonymous_7)
FNDA:1,(anonymous_8)
FNDA:1,(anonymous_9)
FNDA:4,(anonymous_10)
FNDA:4,(anonymous_11)
FNDA:2,(anonymous_12)
FNDA:2,(anonymous_13)
DA:1,10
DA:3,10
DA:5,10
DA:6,10
DA:7,10
DA:8,10
DA:9,10
DA:12,10
DA:17,9
DA:20,9
DA:21,9
DA:25,10
DA:26,2
DA:30,10
DA:31,2
DA:35,10
DA:36,1
DA:45,10
DA:46,1
DA:55,10
DA:56,1
DA:60,10
DA:61,1
DA:65,10
DA:66,1
DA:67,1
DA:71,4
DA:75,4
DA:81,2
DA:85,2
DA:94,2
LF:31
LH:31
BRDA:71,0,0,4
BRDA:71,0,1,2
BRF:2
BRH:2
end_of_record
TN:
SF:src/modules/auth/services/auth-token.service.ts
FN:16,(anonymous_2)
FN:26,(anonymous_3)
FN:35,(anonymous_4)
FN:44,(anonymous_5)
FN:52,(anonymous_6)
FN:59,(anonymous_7)
FN:70,(anonymous_8)
FNF:7
FNH:7
FNDA:4,(anonymous_2)
FNDA:1,(anonymous_3)
FNDA:1,(anonymous_4)
FNDA:1,(anonymous_5)
FNDA:1,(anonymous_6)
FNDA:2,(anonymous_7)
FNDA:2,(anonymous_8)
DA:1,9
DA:2,9
DA:3,9
DA:6,9
DA:7,9
DA:8,9
DA:12,9
DA:17,4
DA:18,4
DA:21,4
DA:22,4
DA:26,9
DA:27,1
DA:35,9
DA:36,1
DA:44,9
DA:45,1
DA:52,9
DA:53,1
DA:64,2
DA:74,2
LF:21
LH:21
BRF:0
BRH:0
end_of_record
TN:
SF:src/modules/auth/services/auth.service.ts
FN:24,(anonymous_2)
FN:35,(anonymous_3)
FN:47,(anonymous_4)
FN:61,(anonymous_5)
FN:89,(anonymous_6)
FN:132,(anonymous_7)
FN:164,(anonymous_8)
FN:182,(anonymous_9)
FNF:8
FNH:8
FNDA:9,(anonymous_2)
FNDA:3,(anonymous_3)
FNDA:1,(anonymous_4)
FNDA:2,(anonymous_5)
FNDA:3,(anonymous_6)
FNDA:3,(anonymous_7)
FNDA:3,(anonymous_8)
FNDA:3,(anonymous_9)
DA:1,9
DA:2,9
DA:3,9
DA:4,9
DA:7,9
DA:15,9
DA:16,9
DA:17,9
DA:18,9
DA:21,9
DA:25,9
DA:26,9
DA:27,9
DA:28,9
DA:31,9
DA:35,9
DA:36,3
DA:38,3
DA:39,1
DA:40,1
DA:41,1
DA:43,1
DA:47,9
DA:48,1
DA:50,1
DA:51,1
DA:52,1
DA:53,1
DA:57,1
DA:61,9
DA:62,2
DA:64,2
DA:65,2
DA:66,1
DA:69,1
DA:72,1
DA:74,1
DA:79,1
DA:81,1
DA:85,1
DA:89,9
DA:92,3
DA:94,3
DA:95,3
DA:97,3
DA:98,1
DA:102,1
DA:105,2
DA:106,1
DA:111,1
DA:114,1
DA:116,1
DA:121,1
DA:122,1
DA:123,1
DA:124,1
DA:129,1
DA:136,3
DA:138,3
DA:139,1
DA:143,1
DA:146,2
DA:152,2
DA:153,1
DA:158,1
DA:161,1
DA:165,3
DA:170,3
DA:176,3
DA:183,3
DA:184,3
LF:71
LH:71
BRDA:65,0,0,1
BRDA:97,1,0,1
BRDA:105,2,0,1
BRDA:138,3,0,1
BRDA:152,4,0,1
BRF:5
BRH:5
end_of_record
TN:
SF:src/modules/auth/services/password-hasher.service.ts
FN:23,(anonymous_2)
FN:27,(anonymous_3)
FN:38,(anonymous_4)
FN:48,(anonymous_5)
FNF:4
FNH:4
FNDA:3,(anonymous_2)
FNDA:5,(anonymous_3)
FNDA:3,(anonymous_4)
FNDA:2,(anonymous_5)
DA:1,9
DA:2,9
DA:10,9
DA:17,9
DA:18,9
DA:21,9
DA:24,3
DA:28,5
DA:38,9
DA:39,3
DA:41,3
DA:42,3
DA:44,3
DA:48,9
DA:51,2
DA:53,2
DA:54,2
DA:59,2
DA:60,1
DA:63,2
LF:20
LH:20
BRDA:59,0,0,1
BRF:1
BRH:1
end_of_record
TN:
SF:src/modules/cities/services/cities-query.service.ts
FN:30,(anonymous_4)
FN:41,(anonymous_5)
FN:55,(anonymous_6)
FN:94,(anonymous_7)
FN:108,(anonymous_8)
FN:136,(anonymous_9)
FN:141,(anonymous_10)
FNF:7
FNH:7
FNDA:8,(anonymous_4)
FNDA:1,(anonymous_5)
FNDA:7,(anonymous_6)
FNDA:7,(anonymous_7)
FNDA:7,(anonymous_8)
FNDA:7,(anonymous_9)
FNDA:7,(anonymous_10)
DA:1,2
DA:2,2
DA:3,2
DA:4,2
DA:6,2
DA:11,2
DA:12,2
DA:13,2
DA:23,2
DA:24,2
DA:27,2
DA:32,8
DA:35,8
DA:41,2
DA:42,1
DA:44,1
DA:49,1
DA:55,2
DA:58,7
DA:60,7
DA:64,7
DA:65,1
DA:66,1
DA:69,7
DA:71,7
DA:78,7
DA:80,7
DA:85,7
DA:87,7
DA:95,7
DA:97,7
DA:98,7
DA:100,7
DA:102,7
DA:109,7
DA:111,7
DA:112,5
DA:115,2
DA:121,2
DA:125,2
DA:129,2
DA:136,2
DA:137,7
DA:138,7
DA:142,7
DA:144,7
DA:146,7
LF:47
LH:47
BRDA:64,0,0,1
BRDA:97,1,0,7
BRDA:97,1,1,3
BRDA:98,2,0,7
BRDA:98,2,1,3
BRDA:111,3,0,5
BRDA:121,4,0,1
BRDA:121,4,1,1
BRF:8
BRH:8
end_of_record
TN:
SF:src/modules/cities/services/cities.service.ts
FN:22,(anonymous_4)
FN:31,(anonymous_5)
FN:37,(anonymous_6)
FN:62,(anonymous_7)
FN:72,(anonymous_8)
FN:81,(anonymous_9)
FN:92,(anonymous_10)
FN:109,(anonymous_11)
FNF:8
FNH:8
FNDA:13,(anonymous_4)
FNDA:2,(anonymous_5)
FNDA:2,(anonymous_6)
FNDA:2,(anonymous_7)
FNDA:2,(anonymous_8)
FNDA:2,(anonymous_9)
FNDA:3,(anonymous_10)
FNDA:7,(anonymous_11)
DA:1,2
DA:6,2
DA:7,2
DA:8,2
DA:9,2
DA:17,2
DA:19,2
DA:24,13
DA:27,13
DA:31,2
DA:32,2
DA:33,1
DA:37,2
DA:38,2
DA:40,2
DA:47,2
DA:48,1
DA:51,1
DA:58,1
DA:62,2
DA:63,2
DA:72,2
DA:73,2
DA:74,1
DA:75,1
DA:77,1
DA:81,2
DA:82,2
DA:86,2
DA:92,2
DA:93,3
DA:95,2
DA:96,2
DA:98,2
DA:100,2
DA:106,2
DA:110,7
DA:114,7
DA:115,3
DA:116,3
DA:119,4
LF:41
LH:41
BRDA:47,0,0,1
BRDA:87,1,0,2
BRDA:87,1,1,1
BRDA:114,2,0,3
BRF:4
BRH:4
end_of_record
TN:
SF:src/modules/logger/constants.ts
FNF:0
FNH:0
DA:1,13
DA:10,13
LF:2
LH:2
BRF:0
BRH:0
end_of_record
TN:
SF:src/modules/logger/types.ts
FN:30,(anonymous_0)
FNF:1
FNH:1
FNDA:14,(anonymous_0)
DA:30,14
DA:31,14
DA:32,14
DA:33,14
LF:4
LH:4
BRDA:30,0,0,14
BRDA:30,0,1,14
BRF:2
BRH:2
end_of_record
TN:
SF:src/modules/logger/sanitize/is-non-serializable-object.ts
FN:1,isNonSerializableObject
FNF:1
FNH:1
FNDA:213,isNonSerializableObject
DA:1,15
DA:2,213
DA:4,213
DA:5,113
DA:8,100
LF:5
LH:5
BRDA:2,0,0,213
BRDA:2,0,1,210
BRDA:4,1,0,113
BRDA:9,2,0,100
BRDA:9,2,1,90
BRDA:9,2,2,88
BRDA:9,2,3,86
BRDA:9,2,4,85
BRDA:9,2,5,83
BRF:9
BRH:9
end_of_record
TN:
SF:src/modules/logger/sanitize/sanitize-for-logging.ts
FN:6,sanitizeForLogging
FN:15,sanitizeValue
FN:17,(anonymous_2)
FN:20,(anonymous_3)
FN:38,(anonymous_4)
FN:39,(anonymous_5)
FN:53,(anonymous_6)
FN:54,(anonymous_7)
FN:61,(anonymous_8)
FN:65,(anonymous_9)
FN:69,(anonymous_10)
FNF:11
FNH:11
FNDA:83,sanitizeForLogging
FNDA:200,sanitizeValue
FNDA:800,(anonymous_2)
FNDA:586,(anonymous_3)
FNDA:125,(anonymous_4)
FNDA:122,(anonymous_5)
FNDA:200,(anonymous_6)
FNDA:1,(anonymous_7)
FNDA:107,(anonymous_8)
FNDA:3,(anonymous_9)
FNDA:12,(anonymous_10)
DA:2,14
DA:3,14
DA:4,14
DA:6,14
DA:11,83
DA:12,83
DA:13,83
DA:16,200
DA:18,800
DA:20,586
DA:22,200
DA:23,120
DA:26,80
DA:27,2
DA:30,78
DA:31,3
DA:34,75
DA:36,75
DA:38,125
DA:39,122
DA:48,83
DA:51,14
DA:53,200
DA:54,1
DA:61,107
DA:65,3
DA:69,12
LF:27
LH:27
BRDA:8,0,0,13
BRDA:9,1,0,16
BRDA:18,2,0,123
BRDA:18,2,1,677
BRDA:22,3,0,120
BRDA:26,4,0,2
BRDA:30,5,0,3
BRDA:30,6,0,78
BRDA:30,6,1,75
BRDA:41,7,0,10
BRDA:41,7,1,112
BRF:11
BRH:11
end_of_record
TN:
SF:src/modules/logger/services/app-logger.service.ts
FN:13,(anonymous_4)
FN:19,(anonymous_5)
FN:30,(anonymous_6)
FN:34,(anonymous_7)
FN:38,(anonymous_8)
FN:42,(anonymous_9)
FN:54,(anonymous_10)
FN:58,(anonymous_11)
FNF:8
FNH:8
FNDA:9,(anonymous_4)
FNDA:1,(anonymous_5)
FNDA:2,(anonymous_6)
FNDA:1,(anonymous_7)
FNDA:1,(anonymous_8)
FNDA:2,(anonymous_9)
FNDA:1,(anonymous_10)
FNDA:6,(anonymous_11)
DA:1,17
DA:2,17
DA:3,17
DA:5,17
DA:12,17
DA:15,9
DA:16,9
DA:20,1
DA:24,1
DA:31,2
DA:35,1
DA:39,1
DA:47,2
DA:55,1
DA:63,6
LF:15
LH:15
BRDA:48,0,0,2
BRDA:48,0,1,1
BRDA:65,1,0,6
BRDA:65,1,1,3
BRF:4
BRH:4
end_of_record
TN:
SF:src/modules/logger/services/client-logger.service.ts
FN:9,(anonymous_2)
FN:11,(anonymous_3)
FN:17,(anonymous_4)
FN:48,(anonymous_5)
FNF:4
FNH:4
FNDA:10,(anonymous_2)
FNDA:10,(anonymous_3)
FNDA:10,(anonymous_4)
FNDA:10,(anonymous_5)
DA:1,17
DA:2,17
DA:8,17
DA:9,10
DA:12,10
DA:13,10
DA:18,10
DA:20,10
DA:30,10
DA:32,1
DA:33,1
DA:36,1
DA:37,1
DA:40,1
DA:41,1
DA:44,7
DA:49,10
DA:50,5
DA:53,5
DA:54,5
DA:56,4
DA:61,3
DA:66,1
DA:68,1
LF:24
LH:24
BRDA:30,0,0,1
BRDA:30,0,1,1
BRDA:30,0,2,1
BRDA:30,0,3,7
BRDA:49,1,0,5
BRDA:56,2,0,3
BRDA:57,3,0,4
BRDA:57,3,1,3
BRDA:57,3,2,2
BRF:9
BRH:9
end_of_record
TN:
SF:src/modules/logger/services/logger-context.service.ts
FN:10,(anonymous_1)
FN:17,(anonymous_2)
FN:21,(anonymous_3)
FN:31,(anonymous_4)
FN:38,(anonymous_5)
FN:43,(anonymous_6)
FNF:6
FNH:6
FNDA:5,(anonymous_1)
FNDA:4,(anonymous_2)
FNDA:2,(anonymous_3)
FNDA:2,(anonymous_4)
FNDA:2,(anonymous_5)
FNDA:2,(anonymous_6)
DA:1,18
DA:2,18
DA:6,18
DA:8,9
DA:14,5
DA:18,4
DA:22,2
DA:24,2
DA:25,1
DA:28,1
DA:32,2
DA:34,2
DA:35,1
DA:38,1
DA:39,2
DA:44,2
DA:46,2
LF:17
LH:17
BRDA:18,0,0,4
BRDA:18,0,1,1
BRDA:24,1,0,1
BRDA:34,2,0,1
BRDA:48,3,0,1
BRDA:48,3,1,1
BRF:6
BRH:6
end_of_record
TN:
SF:src/modules/users/services/user.service.ts
FN:15,(anonymous_4)
FN:25,(anonymous_5)
FN:30,(anonymous_6)
FN:35,(anonymous_7)
FN:56,(anonymous_8)
FN:62,(anonymous_9)
FNF:6
FNH:6
FNDA:5,(anonymous_4)
FNDA:1,(anonymous_5)
FNDA:1,(anonymous_6)
FNDA:1,(anonymous_7)
FNDA:1,(anonymous_8)
FNDA:1,(anonymous_9)
DA:1,9
DA:2,9
DA:3,9
DA:4,9
DA:5,9
DA:6,9
DA:7,9
DA:10,9
DA:12,9
DA:17,5
DA:18,5
DA:21,5
DA:25,9
DA:26,1
DA:30,9
DA:31,1
DA:35,9
DA:36,1
DA:40,1
DA:46,1
DA:48,1
DA:52,1
DA:56,9
DA:57,1
DA:58,1
DA:62,9
DA:65,1
LF:27
LH:27
BRF:0
BRH:0
end_of_record
TN:
SF:src/modules/weather/constants/open-weather.constants.ts
FNF:0
FNH:0
DA:1,4
DA:2,4
DA:4,4
DA:5,4
DA:6,4
LF:5
LH:5
BRF:0
BRH:0
end_of_record
TN:
SF:src/modules/weather/services/open-weather-api.service.ts
FN:23,(anonymous_4)
FN:31,(anonymous_5)
FN:38,(anonymous_6)
FN:45,(anonymous_7)
FN:52,(anonymous_8)
FN:59,(anonymous_9)
FN:68,(anonymous_10)
FNF:7
FNH:7
FNDA:3,(anonymous_4)
FNDA:3,(anonymous_5)
FNDA:3,(anonymous_6)
FNDA:2,(anonymous_7)
FNDA:1,(anonymous_8)
FNDA:1,(anonymous_9)
FNDA:1,(anonymous_10)
DA:1,4
DA:2,4
DA:3,4
DA:10,4
DA:15,4
DA:22,4
DA:24,3
DA:26,3
DA:28,3
DA:32,3
DA:39,3
DA:42,3
DA:49,2
DA:53,1
DA:62,1
DA:71,1
LF:16
LH:16
BRF:0
BRH:0
end_of_record
TN:
SF:src/modules/weather/services/weather.service.ts
FN:14,(anonymous_2)
FN:17,(anonymous_3)
FN:22,(anonymous_4)
FN:44,(anonymous_5)
FN:50,(anonymous_6)
FN:51,(anonymous_7)
FNF:6
FNH:6
FNDA:4,(anonymous_2)
FNDA:1,(anonymous_3)
FNDA:2,(anonymous_4)
FNDA:1,(anonymous_5)
FNDA:3,(anonymous_6)
FNDA:3,(anonymous_7)
DA:1,3
DA:8,3
DA:9,3
DA:10,3
DA:13,3
DA:14,4
DA:17,3
DA:18,1
DA:22,3
DA:23,2
DA:28,2
DA:29,2
DA:30,2
DA:32,2
DA:44,3
DA:45,1
DA:47,1
DA:50,3
DA:51,3
LF:19
LH:19
BRDA:28,0,0,2
BRDA:28,0,1,1
BRDA:29,1,0,2
BRDA:29,1,1,1
BRDA:38,2,0,2
BRDA:38,2,1,1
BRF:6
BRH:6
end_of_record
TN:
SF:src/modules/weather/utils/calculate-average.util.ts
FN:1,(anonymous_0)
FN:7,(anonymous_1)
FNF:2
FNH:2
FNDA:76,(anonymous_0)
FNDA:150,(anonymous_1)
DA:1,5
DA:2,76
DA:3,1
DA:6,75
DA:8,150
DA:12,75
LF:6
LH:6
BRDA:2,0,0,1
BRF:1
BRH:1
end_of_record
TN:
SF:src/modules/weather/utils/format-unix-time.util.ts
FN:1,(anonymous_0)
FNF:1
FNH:1
FNDA:39,(anonymous_0)
DA:1,5
DA:6,39
DA:8,39
LF:3
LH:3
BRDA:3,0,0,2
BRF:1
BRH:1
end_of_record
TN:
SF:src/modules/weather/utils/group-forecast-by-date.util.ts
FN:3,(anonymous_0)
FN:7,(anonymous_1)
FNF:2
FNH:2
FNDA:7,(anonymous_0)
FNDA:40,(anonymous_1)
DA:3,5
DA:6,7
DA:11,40
DA:13,40
DA:14,23
DA:17,40
DA:19,40
LF:7
LH:7
BRDA:13,0,0,23
BRF:1
BRH:1
end_of_record
TN:
SF:src/modules/weather/utils/weather-mappers.ts
FN:4,mapCurrentWeather
FN:18,mapHourlyForecast
FN:19,(anonymous_2)
FN:27,mapDailyForecast
FN:32,(anonymous_4)
FN:34,(anonymous_5)
FN:35,(anonymous_6)
FN:38,(anonymous_7)
FN:39,(anonymous_8)
FN:40,(anonymous_9)
FN:41,(anonymous_10)
FN:42,(anonymous_11)
FN:43,(anonymous_12)
FNF:13
FNH:13
FNDA:4,mapCurrentWeather
FNDA:3,mapHourlyForecast
FNDA:27,(anonymous_2)
FNDA:5,mapDailyForecast
FNDA:12,(anonymous_4)
FNDA:24,(anonymous_5)
FNDA:24,(anonymous_6)
FNDA:24,(anonymous_7)
FNDA:24,(anonymous_8)
FNDA:24,(anonymous_9)
FNDA:24,(anonymous_10)
FNDA:24,(anonymous_11)
FNDA:24,(anonymous_12)
DA:2,4
DA:4,4
DA:5,4
DA:18,4
DA:19,27
DA:27,4
DA:28,5
DA:30,5
DA:32,12
DA:34,24
DA:35,24
DA:38,24
DA:39,24
DA:40,24
DA:41,24
DA:42,24
DA:43,24
LF:17
LH:17
BRDA:42,0,0,24
BRDA:42,0,1,6
BRF:2
BRH:2
end_of_record
TN:
SF:src/shared/constants.ts
FN:1,(anonymous_0)
FN:6,(anonymous_1)
FNF:2
FNH:2
FNDA:2,(anonymous_0)
FNDA:2,(anonymous_1)
DA:1,2
DA:2,2
DA:3,2
DA:6,2
DA:7,2
DA:8,2
LF:6
LH:6
BRDA:1,0,0,2
BRDA:1,0,1,2
BRDA:6,1,0,2
BRDA:6,1,1,2
BRF:4
BRH:4
end_of_record
TN:
SF:src/shared/utils/build-connection.ts
FN:9,(anonymous_0)
FN:18,(anonymous_1)
FNF:2
FNH:2
FNDA:3,(anonymous_0)
FNDA:3,(anonymous_1)
DA:1,2
DA:9,2
DA:14,3
DA:16,3
DA:18,3
DA:19,3
DA:24,3
DA:30,3
DA:32,3
LF:9
LH:9
BRDA:30,0,0,2
BRDA:30,0,1,1
BRF:2
BRH:2
end_of_record
TN:
SF:src/shared/utils/create-validation-pipe.util.ts
FN:4,createValidationPipe
FN:10,(anonymous_1)
FN:13,(anonymous_2)
FNF:3
FNH:3
FNDA:2,createValidationPipe
FNDA:1,(anonymous_1)
FNDA:1,(anonymous_2)
DA:1,11
DA:2,11
DA:4,11
DA:5,2
DA:11,1
DA:13,1
LF:6
LH:6
BRF:0
BRH:0
end_of_record
TN:
SF:src/shared/utils/decode-cursor.ts
FN:1,(anonymous_0)
FNF:1
FNH:1
FNDA:6,(anonymous_0)
DA:1,3
DA:4,6
LF:2
LH:2
BRF:0
BRH:0
end_of_record
TN:
SF:src/shared/utils/encode-cursor.ts
FN:1,(anonymous_0)
FNF:1
FNH:1
FNDA:3,(anonymous_0)
DA:1,2
DA:4,3
LF:2
LH:2
BRF:0
BRH:0
end_of_record
TN:
SF:src/shared/utils/is-primitive-value.ts
FN:1,isPrimitiveValue
FNF:1
FNH:1
FNDA:211,isPrimitiveValue
DA:1,15
DA:2,211
LF:2
LH:2
BRDA:3,0,0,211
BRDA:3,0,1,208
BRDA:3,0,2,112
BRF:3
BRH:3
end_of_record
TN:
SF:src/shared/utils/parse-ms.ts
FN:3,parseMs
FNF:1
FNH:1
FNDA:9,parseMs
DA:1,11
DA:3,11
DA:4,9
DA:6,8
DA:7,1
DA:10,7
LF:6
LH:6
BRDA:6,0,0,1
BRF:1
BRH:1
end_of_record
