TN:
SF:src/modules/auth/constants.ts
FNF:0
FNH:0
DA:1,1
DA:2,1
DA:3,1
DA:4,1
DA:5,1
DA:6,1
DA:7,1
DA:8,2
DA:9,2
DA:10,2
DA:11,2
DA:12,1
DA:13,1
DA:14,1
DA:15,1
DA:16,1
DA:17,1
LF:17
LH:17
BRDA:8,0,0,2
BRF:1
BRH:1
end_of_record
TN:
SF:src/modules/auth/types.ts
FNF:0
FNH:0
DA:1,1
DA:2,1
DA:3,1
DA:4,2
DA:5,2
DA:6,2
DA:7,2
DA:8,1
DA:9,2
DA:10,2
DA:11,2
DA:12,2
DA:13,1
DA:14,1
DA:15,1
DA:16,1
DA:17,1
DA:18,1
DA:19,1
DA:20,1
DA:21,1
DA:22,1
DA:23,1
DA:24,1
DA:25,1
DA:26,1
DA:27,1
DA:28,1
DA:29,1
DA:30,1
DA:31,1
DA:32,1
DA:33,1
DA:34,1
DA:35,1
DA:36,1
DA:37,1
DA:38,1
DA:39,1
DA:40,1
DA:41,1
DA:42,1
DA:43,1
DA:44,1
DA:45,1
DA:46,1
DA:47,1
DA:48,1
DA:49,1
DA:50,1
DA:51,1
DA:52,1
DA:53,1
DA:54,1
DA:55,1
DA:56,1
DA:57,1
DA:58,1
DA:59,1
DA:60,1
DA:61,1
DA:62,1
DA:63,1
DA:64,1
DA:65,1
DA:66,1
DA:67,1
DA:68,1
DA:69,1
DA:70,1
DA:71,1
DA:72,1
DA:73,1
DA:74,1
DA:75,1
DA:76,1
DA:77,1
LF:77
LH:77
BRDA:4,0,0,2
BRDA:9,1,0,2
BRF:2
BRH:2
end_of_record
TN:
SF:src/modules/auth/guards/access-jwt.guard.ts
FN:10,getToken
FN:15,getSecret
FN:19,validatePayload
FNF:3
FNH:0
FNDA:0,getToken
FNDA:0,getSecret
FNDA:0,validatePayload
DA:1,1
DA:2,1
DA:3,1
DA:4,1
DA:5,1
DA:6,1
DA:7,1
DA:8,1
DA:9,1
DA:10,1
DA:11,0
DA:12,0
DA:13,0
DA:14,1
DA:15,1
DA:16,0
DA:17,0
DA:18,1
DA:19,1
DA:20,0
DA:21,0
DA:22,0
DA:23,0
DA:24,1
LF:24
LH:15
BRF:0
BRH:0
end_of_record
TN:
SF:src/modules/auth/guards/base-jwt.guard.ts
FN:12,<instance_members_initializer>
FNF:1
FNH:0
FNDA:0,<instance_members_initializer>
DA:1,1
DA:2,1
DA:3,1
DA:4,1
DA:5,1
DA:6,1
DA:7,1
DA:8,1
DA:9,1
DA:10,1
DA:11,1
DA:12,1
DA:13,0
DA:14,0
DA:15,0
DA:16,0
DA:17,0
DA:18,0
DA:19,0
DA:20,0
DA:21,0
DA:22,0
DA:23,0
DA:24,0
DA:25,0
DA:26,0
DA:27,0
DA:28,0
DA:29,0
DA:30,0
DA:31,0
DA:32,0
DA:33,0
DA:34,0
DA:35,0
DA:36,0
DA:37,0
DA:38,0
DA:39,0
DA:40,0
DA:41,0
DA:42,0
DA:43,0
DA:44,0
DA:45,0
DA:46,0
DA:47,0
DA:48,0
DA:49,0
DA:50,0
DA:51,0
DA:52,0
DA:53,0
LF:53
LH:12
BRDA:12,0,0,0
BRF:1
BRH:0
end_of_record
TN:
SF:src/modules/auth/guards/refresh-jwt.guard.ts
FN:9,getToken
FN:13,getSecret
FN:17,validatePayload
FNF:3
FNH:0
FNDA:0,getToken
FNDA:0,getSecret
FNDA:0,validatePayload
DA:1,1
DA:2,1
DA:3,1
DA:4,1
DA:5,1
DA:6,1
DA:7,1
DA:8,1
DA:9,1
DA:10,0
DA:11,0
DA:12,1
DA:13,1
DA:14,0
DA:15,0
DA:16,1
DA:17,1
DA:18,0
DA:19,0
DA:20,0
DA:21,0
DA:22,1
LF:22
LH:14
BRF:0
BRH:0
end_of_record
TN:
SF:src/modules/auth/services/auth-cookie.service.ts
FN:12,<instance_members_initializer>
FNF:1
FNH:0
FNDA:0,<instance_members_initializer>
DA:1,1
DA:2,1
DA:3,1
DA:4,1
DA:5,1
DA:6,1
DA:7,1
DA:8,1
DA:9,1
DA:10,1
DA:11,1
DA:12,1
DA:13,0
DA:14,0
DA:15,0
DA:16,0
DA:17,0
DA:18,0
DA:19,0
DA:20,0
DA:21,0
DA:22,0
DA:23,0
DA:24,0
DA:25,0
DA:26,0
DA:27,0
DA:28,0
DA:29,0
DA:30,0
DA:31,0
DA:32,0
DA:33,0
DA:34,0
DA:35,0
DA:36,0
DA:37,0
DA:38,0
DA:39,0
DA:40,0
DA:41,0
DA:42,0
DA:43,0
DA:44,0
DA:45,0
DA:46,0
DA:47,0
DA:48,0
DA:49,0
DA:50,0
DA:51,0
DA:52,0
DA:53,0
DA:54,0
DA:55,0
DA:56,0
DA:57,0
DA:58,0
DA:59,0
DA:60,0
DA:61,0
DA:62,0
DA:63,0
DA:64,0
DA:65,0
DA:66,0
DA:67,0
DA:68,0
DA:69,0
DA:70,0
DA:71,0
DA:72,0
DA:73,0
DA:74,0
DA:75,0
DA:76,0
DA:77,0
DA:78,0
DA:79,0
DA:80,0
DA:81,0
DA:82,0
DA:83,0
DA:84,0
DA:85,0
DA:86,0
DA:87,0
DA:88,0
DA:89,0
DA:90,0
DA:91,0
DA:92,0
DA:93,0
DA:94,0
DA:95,0
DA:96,0
DA:97,0
DA:98,0
DA:99,0
LF:99
LH:12
BRF:0
BRH:0
end_of_record
TN:
SF:src/modules/auth/services/auth-token.service.ts
FN:12,<instance_members_initializer>
FNF:1
FNH:0
FNDA:0,<instance_members_initializer>
DA:1,1
DA:2,1
DA:3,1
DA:4,1
DA:5,1
DA:6,1
DA:7,1
DA:8,1
DA:9,1
DA:10,1
DA:11,1
DA:12,1
DA:13,0
DA:14,0
DA:15,0
DA:16,0
DA:17,0
DA:18,0
DA:19,0
DA:20,0
DA:21,0
DA:22,0
DA:23,0
DA:24,0
DA:25,0
DA:26,0
DA:27,0
DA:28,0
DA:29,0
DA:30,0
DA:31,0
DA:32,0
DA:33,0
DA:34,0
DA:35,0
DA:36,0
DA:37,0
DA:38,0
DA:39,0
DA:40,0
DA:41,0
DA:42,0
DA:43,0
DA:44,0
DA:45,0
DA:46,0
DA:47,0
DA:48,0
DA:49,0
DA:50,0
DA:51,0
DA:52,0
DA:53,0
DA:54,0
DA:55,0
DA:56,0
DA:57,0
DA:58,0
DA:59,0
DA:60,0
DA:61,0
DA:62,0
DA:63,0
DA:64,0
DA:65,0
DA:66,0
DA:67,0
DA:68,0
DA:69,0
DA:70,0
DA:71,0
DA:72,0
DA:73,0
DA:74,0
DA:75,0
DA:76,0
DA:77,0
DA:78,0
LF:78
LH:12
BRF:0
BRH:0
end_of_record
TN:
SF:src/modules/auth/services/auth.service.ts
FN:21,<instance_members_initializer>
FNF:1
FNH:0
FNDA:0,<instance_members_initializer>
DA:1,1
DA:2,1
DA:3,1
DA:4,1
DA:5,1
DA:6,1
DA:7,1
DA:8,1
DA:9,1
DA:10,1
DA:11,1
DA:12,1
DA:13,1
DA:14,1
DA:15,1
DA:16,1
DA:17,1
DA:18,1
DA:19,1
DA:20,1
DA:21,1
DA:22,0
DA:23,0
DA:24,0
DA:25,0
DA:26,0
DA:27,0
DA:28,0
DA:29,0
DA:30,0
DA:31,0
DA:32,0
DA:33,0
DA:34,0
DA:35,0
DA:36,0
DA:37,0
DA:38,0
DA:39,0
DA:40,0
DA:41,0
DA:42,0
DA:43,0
DA:44,0
DA:45,0
DA:46,0
DA:47,0
DA:48,0
DA:49,0
DA:50,0
DA:51,0
DA:52,0
DA:53,0
DA:54,0
DA:55,0
DA:56,0
DA:57,0
DA:58,0
DA:59,0
DA:60,0
DA:61,0
DA:62,0
DA:63,0
DA:64,0
DA:65,0
DA:66,0
DA:67,0
DA:68,0
DA:69,0
DA:70,0
DA:71,0
DA:72,0
DA:73,0
DA:74,0
DA:75,0
DA:76,0
DA:77,0
DA:78,0
DA:79,0
DA:80,0
DA:81,0
DA:82,0
DA:83,0
DA:84,0
DA:85,0
DA:86,0
DA:87,0
DA:88,0
DA:89,0
DA:90,0
DA:91,0
DA:92,0
DA:93,0
DA:94,0
DA:95,0
DA:96,0
DA:97,0
DA:98,0
DA:99,0
DA:100,0
DA:101,0
DA:102,0
DA:103,0
DA:104,0
DA:105,0
DA:106,0
DA:107,0
DA:108,0
DA:109,0
DA:110,0
DA:111,0
DA:112,0
DA:113,0
DA:114,0
DA:115,0
DA:116,0
DA:117,0
DA:118,0
DA:119,0
DA:120,0
DA:121,0
DA:122,0
DA:123,0
DA:124,0
DA:125,0
DA:126,0
DA:127,0
DA:128,0
DA:129,0
DA:130,0
DA:131,0
DA:132,0
DA:133,0
DA:134,0
DA:135,0
DA:136,0
DA:137,0
DA:138,0
DA:139,0
DA:140,0
DA:141,0
DA:142,0
DA:143,0
DA:144,0
DA:145,0
DA:146,0
DA:147,0
DA:148,0
DA:149,0
DA:150,0
DA:151,0
DA:152,0
DA:153,0
DA:154,0
DA:155,0
DA:156,0
DA:157,0
DA:158,0
DA:159,0
DA:160,0
DA:161,0
DA:162,0
DA:163,0
DA:164,0
DA:165,0
DA:166,0
DA:167,0
DA:168,0
DA:169,0
DA:170,0
DA:171,0
DA:172,0
DA:173,0
DA:174,0
DA:175,0
DA:176,0
DA:177,0
DA:178,0
DA:179,0
DA:180,0
DA:181,0
DA:182,0
DA:183,0
DA:184,0
DA:185,0
DA:186,0
LF:186
LH:21
BRF:0
BRH:0
end_of_record
TN:
SF:src/modules/auth/services/password-hasher.service.ts
FN:21,<instance_members_initializer>
FNF:1
FNH:0
FNDA:0,<instance_members_initializer>
DA:1,1
DA:2,1
DA:3,1
DA:4,1
DA:5,1
DA:6,1
DA:7,1
DA:8,1
DA:9,1
DA:10,1
DA:11,1
DA:12,1
DA:13,1
DA:14,1
DA:15,1
DA:16,1
DA:17,1
DA:18,1
DA:19,1
DA:20,1
DA:21,1
DA:22,0
DA:23,0
DA:24,0
DA:25,0
DA:26,0
DA:27,0
DA:28,0
DA:29,0
DA:30,0
DA:31,0
DA:32,0
DA:33,0
DA:34,0
DA:35,0
DA:36,0
DA:37,0
DA:38,0
DA:39,0
DA:40,0
DA:41,0
DA:42,0
DA:43,0
DA:44,0
DA:45,0
DA:46,0
DA:47,0
DA:48,0
DA:49,0
DA:50,0
DA:51,0
DA:52,0
DA:53,0
DA:54,0
DA:55,0
DA:56,0
DA:57,0
DA:58,0
DA:59,0
DA:60,0
DA:61,0
DA:62,0
DA:63,0
DA:64,0
DA:65,0
LF:65
LH:21
BRF:0
BRH:0
end_of_record
TN:
SF:src/modules/cities/services/cities-query.service.ts
FN:27,<instance_members_initializer>
FN:30,CitiesQueryService
FN:41,getCities
FN:55,getCitiesPaginated
FN:94,applySorting
FN:108,applyCursor
FN:136,applyPagination
FN:141,toConnection
FNF:8
FNH:8
FNDA:8,<instance_members_initializer>
FNDA:8,CitiesQueryService
FNDA:1,getCities
FNDA:7,getCitiesPaginated
FNDA:7,applySorting
FNDA:7,applyCursor
FNDA:7,applyPagination
FNDA:7,toConnection
DA:1,1
DA:2,1
DA:3,1
DA:4,1
DA:5,1
DA:6,1
DA:7,1
DA:8,1
DA:9,1
DA:10,1
DA:11,1
DA:12,1
DA:13,1
DA:14,1
DA:15,1
DA:16,1
DA:17,1
DA:18,1
DA:19,1
DA:20,1
DA:21,1
DA:22,1
DA:23,1
DA:24,1
DA:25,1
DA:26,1
DA:27,1
DA:28,8
DA:29,8
DA:30,8
DA:31,8
DA:32,8
DA:33,8
DA:34,8
DA:35,8
DA:36,8
DA:37,8
DA:38,8
DA:39,8
DA:40,8
DA:41,8
DA:42,1
DA:43,1
DA:44,1
DA:45,1
DA:46,1
DA:47,1
DA:48,1
DA:49,1
DA:50,1
DA:51,8
DA:52,8
DA:53,8
DA:54,8
DA:55,8
DA:56,7
DA:57,7
DA:58,7
DA:59,7
DA:60,7
DA:61,7
DA:62,7
DA:63,7
DA:64,7
DA:65,1
DA:66,1
DA:67,1
DA:68,7
DA:69,7
DA:70,7
DA:71,7
DA:72,7
DA:73,7
DA:74,7
DA:75,7
DA:76,7
DA:77,7
DA:78,7
DA:79,7
DA:80,7
DA:81,7
DA:82,7
DA:83,7
DA:84,7
DA:85,7
DA:86,7
DA:87,7
DA:88,7
DA:89,7
DA:90,7
DA:91,7
DA:92,7
DA:93,8
DA:94,8
DA:95,7
DA:96,7
DA:97,7
DA:98,7
DA:99,7
DA:100,7
DA:101,7
DA:102,7
DA:103,7
DA:104,7
DA:105,7
DA:106,7
DA:107,8
DA:108,8
DA:109,7
DA:110,7
DA:111,7
DA:112,5
DA:113,5
DA:114,2
DA:115,2
DA:116,2
DA:117,2
DA:118,2
DA:119,2
DA:120,2
DA:121,2
DA:122,7
DA:123,7
DA:124,7
DA:125,7
DA:126,7
DA:127,7
DA:128,7
DA:129,7
DA:130,7
DA:131,7
DA:132,7
DA:133,7
DA:134,8
DA:135,8
DA:136,8
DA:137,7
DA:138,7
DA:139,7
DA:140,8
DA:141,8
DA:142,7
DA:143,7
DA:144,7
DA:145,7
DA:146,7
DA:147,7
DA:148,7
DA:149,7
DA:150,7
DA:151,7
DA:152,8
LF:152
LH:152
BRDA:27,0,0,8
BRDA:30,1,0,8
BRDA:41,2,0,1
BRDA:55,3,0,7
BRDA:64,4,0,1
BRDA:94,5,0,7
BRDA:97,6,0,4
BRDA:97,7,0,3
BRDA:98,8,0,4
BRDA:98,9,0,3
BRDA:108,10,0,7
BRDA:111,11,0,5
BRDA:114,12,0,2
BRDA:122,13,0,1
BRDA:123,14,0,1
BRDA:136,15,0,7
BRDA:141,16,0,7
BRF:17
BRH:17
end_of_record
TN:
SF:src/modules/cities/test/mocks/city-repository.mock.ts
FN:1,createCityRepositoryMock
FNF:1
FNH:1
FNDA:8,createCityRepositoryMock
DA:1,8
DA:2,8
DA:3,8
DA:4,8
DA:5,8
DA:6,8
DA:7,8
DA:8,8
DA:9,8
DA:10,0
DA:11,0
DA:12,0
DA:13,0
DA:14,0
DA:15,8
DA:16,8
DA:17,8
DA:18,1
DA:19,1
LF:19
LH:14
BRDA:1,0,0,8
BRF:1
BRH:1
end_of_record
TN:
SF:src/modules/logger/constants.ts
FNF:0
FNH:0
DA:1,1
DA:2,1
DA:3,1
DA:4,1
DA:5,1
DA:6,1
DA:7,1
DA:8,1
DA:9,1
DA:10,1
DA:11,1
DA:12,1
DA:13,1
DA:14,1
DA:15,1
DA:16,1
DA:17,1
DA:18,1
DA:19,1
LF:19
LH:19
BRF:0
BRH:0
end_of_record
TN:
SF:src/modules/logger/types.ts
FNF:0
FNH:0
DA:1,1
DA:2,1
DA:3,1
DA:4,1
DA:5,1
DA:6,1
DA:7,1
DA:8,1
DA:9,1
DA:10,1
DA:11,1
DA:12,1
DA:13,1
DA:14,1
DA:15,1
DA:16,1
DA:17,1
DA:18,1
DA:19,1
DA:20,1
DA:21,1
DA:22,1
DA:23,1
DA:24,1
DA:25,1
DA:26,1
DA:27,1
DA:28,1
DA:29,1
DA:30,4
DA:31,4
DA:32,4
DA:33,4
DA:34,4
LF:34
LH:34
BRDA:30,0,0,4
BRF:1
BRH:1
end_of_record
TN:
SF:src/modules/logger/resolvers/client-logs.resolver.ts
FN:14,<instance_members_initializer>
FN:15,ClientLogsResolver
FN:18,sendClientLogs
FNF:3
FNH:3
FNDA:3,<instance_members_initializer>
FNDA:3,ClientLogsResolver
FNDA:3,sendClientLogs
DA:1,1
DA:2,1
DA:3,1
DA:4,1
DA:5,1
DA:6,1
DA:7,1
DA:8,1
DA:9,1
DA:10,1
DA:11,1
DA:12,1
DA:13,1
DA:14,1
DA:15,3
DA:16,3
DA:17,3
DA:18,3
DA:19,3
DA:20,3
DA:21,3
DA:22,3
DA:23,3
DA:24,3
DA:25,3
DA:26,3
DA:27,3
DA:28,3
LF:28
LH:28
BRDA:14,0,0,3
BRDA:15,1,0,3
BRDA:18,2,0,3
BRF:3
BRH:3
end_of_record
TN:
SF:src/modules/logger/sanitize/is-non-serializable-object.ts
FN:1,isNonSerializableObject
FNF:1
FNH:1
FNDA:118,isNonSerializableObject
DA:1,118
DA:2,118
DA:3,118
DA:4,118
DA:5,58
DA:6,58
DA:7,60
DA:8,60
DA:9,60
DA:10,118
DA:11,118
DA:12,118
DA:13,118
DA:14,51
DA:15,118
DA:16,118
LF:16
LH:16
BRDA:1,0,0,118
BRDA:2,1,0,116
BRDA:4,2,0,58
BRDA:7,3,0,81
BRDA:7,4,0,60
BRDA:9,5,0,58
BRDA:10,6,0,56
BRDA:11,7,0,54
BRDA:12,8,0,53
BRDA:13,9,0,51
BRF:10
BRH:10
end_of_record
TN:
SF:src/modules/logger/sanitize/sanitize-for-logging.ts
FN:6,sanitizeForLogging
FN:15,sanitizeValue
FN:53,condition
FN:54,handler
FN:61,handler
FN:65,handler
FN:69,handler
FNF:7
FNH:7
FNDA:34,sanitizeForLogging
FNDA:105,sanitizeValue
FNDA:105,condition
FNDA:1,handler
FNDA:52,handler
FNDA:3,handler
FNDA:4,handler
DA:1,1
DA:2,1
DA:3,1
DA:4,1
DA:5,1
DA:6,34
DA:7,34
DA:8,34
DA:9,34
DA:10,34
DA:11,34
DA:12,34
DA:13,34
DA:14,34
DA:15,34
DA:16,105
DA:17,105
DA:18,105
DA:19,105
DA:20,105
DA:21,105
DA:22,105
DA:23,59
DA:24,59
DA:25,46
DA:26,105
DA:27,2
DA:28,2
DA:29,44
DA:30,105
DA:31,1
DA:32,1
DA:33,43
DA:34,43
DA:35,43
DA:36,43
DA:37,43
DA:38,43
DA:39,43
DA:40,72
DA:41,72
DA:42,72
DA:43,72
DA:44,43
DA:45,43
DA:46,43
DA:47,34
DA:48,34
DA:49,34
DA:50,1
DA:51,1
DA:52,1
DA:53,1
DA:54,1
DA:55,1
DA:56,1
DA:57,1
DA:58,1
DA:59,1
DA:60,1
DA:61,1
DA:62,1
DA:63,1
DA:64,1
DA:65,1
DA:66,1
DA:67,1
DA:68,1
DA:69,1
DA:70,1
DA:71,1
LF:71
LH:71
BRDA:6,0,0,34
BRDA:15,1,0,105
BRDA:22,2,0,59
BRDA:25,3,0,46
BRDA:26,4,0,2
BRDA:29,5,0,67
BRDA:29,6,0,44
BRDA:30,7,0,43
BRDA:30,8,0,1
BRDA:33,9,0,43
BRDA:17,10,0,420
BRDA:18,11,0,60
BRDA:18,12,0,360
BRDA:20,13,0,312
BRDA:38,14,0,75
BRDA:39,15,0,72
BRDA:42,16,0,6
BRDA:43,17,0,66
BRDA:53,18,0,105
BRDA:54,19,0,1
BRDA:61,20,0,52
BRDA:65,21,0,3
BRDA:69,22,0,4
BRF:23
BRH:23
end_of_record
TN:
SF:src/modules/logger/services/app-logger.service.ts
FN:12,<instance_members_initializer>
FN:13,AppLoggerService
FN:19,child
FN:30,info
FN:34,debug
FN:38,warn
FN:42,error
FN:54,setContext
FN:58,write
FNF:9
FNH:9
FNDA:9,<instance_members_initializer>
FNDA:9,AppLoggerService
FNDA:1,child
FNDA:2,info
FNDA:1,debug
FNDA:1,warn
FNDA:2,error
FNDA:1,setContext
FNDA:6,write
DA:1,1
DA:2,1
DA:3,1
DA:4,1
DA:5,1
DA:6,1
DA:7,1
DA:8,1
DA:9,1
DA:10,1
DA:11,1
DA:12,1
DA:13,9
DA:14,9
DA:15,9
DA:16,9
DA:17,9
DA:18,9
DA:19,9
DA:20,1
DA:21,1
DA:22,1
DA:23,1
DA:24,1
DA:25,1
DA:26,1
DA:27,1
DA:28,1
DA:29,9
DA:30,9
DA:31,2
DA:32,2
DA:33,9
DA:34,9
DA:35,1
DA:36,1
DA:37,9
DA:38,9
DA:39,1
DA:40,1
DA:41,9
DA:42,9
DA:43,2
DA:44,2
DA:45,2
DA:46,2
DA:47,2
DA:48,2
DA:49,2
DA:50,2
DA:51,2
DA:52,2
DA:53,9
DA:54,9
DA:55,1
DA:56,1
DA:57,9
DA:58,9
DA:59,6
DA:60,6
DA:61,6
DA:62,6
DA:63,6
DA:64,6
DA:65,6
DA:66,6
DA:67,6
DA:68,9
LF:68
LH:68
BRDA:12,0,0,9
BRDA:13,1,0,9
BRDA:19,2,0,1
BRDA:30,3,0,2
BRDA:34,4,0,1
BRDA:38,5,0,1
BRDA:42,6,0,2
BRDA:48,7,0,1
BRDA:49,8,0,1
BRDA:50,9,0,1
BRDA:54,10,0,1
BRDA:58,11,0,6
BRDA:65,12,0,3
BRF:13
BRH:13
end_of_record
TN:
SF:src/modules/logger/services/client-logger.service.ts
FN:8,<instance_members_initializer>
FN:9,ClientLoggerService
FN:11,writeLogs
FN:17,writeLog
FN:48,parseMeta
FNF:5
FNH:5
FNDA:10,<instance_members_initializer>
FNDA:10,ClientLoggerService
FNDA:10,writeLogs
FNDA:10,writeLog
FNDA:10,parseMeta
DA:1,1
DA:2,1
DA:3,1
DA:4,1
DA:5,1
DA:6,1
DA:7,1
DA:8,1
DA:9,10
DA:10,10
DA:11,10
DA:12,10
DA:13,10
DA:14,10
DA:15,10
DA:16,10
DA:17,10
DA:18,10
DA:19,10
DA:20,10
DA:21,10
DA:22,10
DA:23,10
DA:24,10
DA:25,10
DA:26,10
DA:27,10
DA:28,10
DA:29,10
DA:30,10
DA:31,10
DA:32,1
DA:33,1
DA:34,10
DA:35,10
DA:36,1
DA:37,1
DA:38,10
DA:39,10
DA:40,1
DA:41,1
DA:42,10
DA:43,10
DA:44,7
DA:45,10
DA:46,10
DA:47,10
DA:48,10
DA:49,10
DA:50,5
DA:51,5
DA:52,5
DA:53,5
DA:54,5
DA:55,5
DA:56,5
DA:57,5
DA:58,10
DA:59,2
DA:60,10
DA:61,3
DA:62,3
DA:63,3
DA:64,3
DA:65,1
DA:66,1
DA:67,1
DA:68,1
DA:69,1
DA:70,1
DA:71,1
DA:72,10
DA:73,10
LF:73
LH:73
BRDA:8,0,0,10
BRDA:9,1,0,10
BRDA:11,2,0,10
BRDA:17,3,0,10
BRDA:31,4,0,1
BRDA:35,5,0,1
BRDA:39,6,0,1
BRDA:43,7,0,7
BRDA:48,8,0,10
BRDA:49,9,0,5
BRDA:57,10,0,3
BRDA:58,11,0,2
BRDA:60,12,0,3
BRDA:65,13,0,1
BRF:14
BRH:14
end_of_record
TN:
SF:src/modules/logger/services/logger-context.service.ts
FN:6,<instance_members_initializer>
FN:10,run
FN:17,get
FN:21,set
FN:31,clear
FN:43,printContext
FNF:6
FNH:6
FNDA:9,<instance_members_initializer>
FNDA:5,run
FNDA:4,get
FNDA:2,set
FNDA:2,clear
FNDA:2,printContext
DA:1,1
DA:2,1
DA:3,1
DA:4,1
DA:5,1
DA:6,1
DA:7,9
DA:8,9
DA:9,9
DA:10,9
DA:11,5
DA:12,5
DA:13,5
DA:14,5
DA:15,5
DA:16,9
DA:17,9
DA:18,4
DA:19,4
DA:20,9
DA:21,9
DA:22,2
DA:23,2
DA:24,2
DA:25,1
DA:26,1
DA:27,1
DA:28,1
DA:29,1
DA:30,9
DA:31,9
DA:32,2
DA:33,2
DA:34,2
DA:35,1
DA:36,1
DA:37,1
DA:38,1
DA:39,2
DA:40,1
DA:41,1
DA:42,9
DA:43,9
DA:44,2
DA:45,2
DA:46,2
DA:47,2
DA:48,2
DA:49,2
DA:50,2
DA:51,2
DA:52,9
LF:52
LH:52
BRDA:6,0,0,9
BRDA:10,1,0,5
BRDA:17,2,0,4
BRDA:18,3,0,1
BRDA:21,4,0,2
BRDA:24,5,0,1
BRDA:31,6,0,2
BRDA:34,7,0,1
BRDA:38,8,0,2
BRDA:43,9,0,2
BRDA:48,10,0,1
BRDA:48,11,0,1
BRF:12
BRH:12
end_of_record
TN:
SF:src/modules/logger/test/contexts/app-logger-service.context.ts
FN:7,createWinstonLoggerMock
FN:18,createLoggerContextServiceMock
FN:31,createAppLoggerServiceContext
FNF:3
FNH:3
FNDA:8,createWinstonLoggerMock
FNDA:8,createLoggerContextServiceMock
FNDA:8,createAppLoggerServiceContext
DA:1,1
DA:2,1
DA:3,1
DA:4,1
DA:5,1
DA:6,1
DA:7,8
DA:8,8
DA:9,8
DA:10,8
DA:11,8
DA:12,8
DA:13,8
DA:14,8
DA:15,8
DA:16,8
DA:17,1
DA:18,8
DA:19,8
DA:20,8
DA:21,8
DA:22,8
DA:23,8
DA:24,1
DA:25,1
DA:26,1
DA:27,1
DA:28,1
DA:29,1
DA:30,1
DA:31,1
DA:32,8
DA:33,8
DA:34,8
DA:35,8
DA:36,8
DA:37,8
DA:38,8
DA:39,8
DA:40,8
DA:41,8
DA:42,8
DA:43,8
DA:44,8
DA:45,8
DA:46,8
DA:47,8
DA:48,8
DA:49,8
DA:50,8
DA:51,8
DA:52,8
LF:52
LH:52
BRDA:7,0,0,8
BRDA:18,1,0,8
BRDA:31,2,0,8
BRF:3
BRH:3
end_of_record
TN:
SF:src/modules/logger/test/contexts/client-logger-service.context.ts
FN:5,createAppLoggerServiceMock
FN:19,createClientLoggerServiceContext
FNF:2
FNH:2
FNDA:10,createAppLoggerServiceMock
FNDA:10,createClientLoggerServiceContext
DA:1,1
DA:2,1
DA:3,1
DA:4,1
DA:5,10
DA:6,10
DA:7,10
DA:8,10
DA:9,10
DA:10,10
DA:11,10
DA:12,10
DA:13,1
DA:14,1
DA:15,1
DA:16,1
DA:17,1
DA:18,1
DA:19,1
DA:20,10
DA:21,10
DA:22,10
DA:23,10
DA:24,10
DA:25,10
DA:26,10
DA:27,10
DA:28,10
DA:29,10
DA:30,10
DA:31,10
DA:32,10
DA:33,10
LF:33
LH:33
BRDA:5,0,0,10
BRDA:19,1,0,10
BRF:2
BRH:2
end_of_record
TN:
SF:src/modules/logger/test/contexts/client-logs-resolver.context.ts
FN:5,createClientLoggerServiceMock
FN:16,createClientLogsResolverContext
FNF:2
FNH:2
FNDA:3,createClientLoggerServiceMock
FNDA:3,createClientLogsResolverContext
DA:1,1
DA:2,1
DA:3,1
DA:4,1
DA:5,3
DA:6,3
DA:7,3
DA:8,3
DA:9,3
DA:10,1
DA:11,1
DA:12,1
DA:13,1
DA:14,1
DA:15,1
DA:16,1
DA:17,3
DA:18,3
DA:19,3
DA:20,3
DA:21,3
DA:22,3
DA:23,3
DA:24,3
DA:25,3
DA:26,3
DA:27,3
DA:28,3
DA:29,3
DA:30,3
LF:30
LH:30
BRDA:5,0,0,3
BRDA:16,1,0,3
BRF:2
BRH:2
end_of_record
TN:
SF:src/modules/logger/test/fixtures/client-log.fixture.ts
FNF:0
FNH:0
DA:1,1
DA:2,1
DA:3,1
DA:4,1
DA:5,1
DA:6,1
DA:7,1
DA:8,1
DA:9,1
DA:10,1
DA:11,1
DA:12,1
DA:13,1
DA:14,1
DA:15,1
DA:16,1
DA:17,1
DA:18,1
DA:19,1
DA:20,1
DA:21,1
DA:22,1
DA:23,1
DA:24,1
DA:25,1
DA:26,1
DA:27,1
DA:28,1
DA:29,1
LF:29
LH:29
BRF:0
BRH:0
end_of_record
TN:
SF:src/modules/users/services/user.service.ts
FN:12,<instance_members_initializer>
FN:15,UserService
FN:25,findByEmail
FN:30,findById
FN:35,register
FN:56,createUser
FN:62,updateRefreshTokenVersion
FNF:7
FNH:7
FNDA:5,<instance_members_initializer>
FNDA:5,UserService
FNDA:1,findByEmail
FNDA:1,findById
FNDA:1,register
FNDA:1,createUser
FNDA:1,updateRefreshTokenVersion
DA:1,1
DA:2,1
DA:3,1
DA:4,1
DA:5,1
DA:6,1
DA:7,1
DA:8,1
DA:9,1
DA:10,1
DA:11,1
DA:12,1
DA:13,5
DA:14,5
DA:15,5
DA:16,5
DA:17,5
DA:18,5
DA:19,5
DA:20,5
DA:21,5
DA:22,5
DA:23,5
DA:24,5
DA:25,5
DA:26,1
DA:27,1
DA:28,5
DA:29,5
DA:30,5
DA:31,1
DA:32,1
DA:33,5
DA:34,5
DA:35,5
DA:36,1
DA:37,1
DA:38,1
DA:39,1
DA:40,1
DA:41,1
DA:42,1
DA:43,1
DA:44,1
DA:45,1
DA:46,1
DA:47,1
DA:48,1
DA:49,1
DA:50,1
DA:51,1
DA:52,1
DA:53,1
DA:54,5
DA:55,5
DA:56,5
DA:57,1
DA:58,1
DA:59,1
DA:60,5
DA:61,5
DA:62,5
DA:63,1
DA:64,1
DA:65,1
DA:66,1
DA:67,1
DA:68,1
DA:69,5
LF:69
LH:69
BRDA:12,0,0,5
BRDA:15,1,0,5
BRDA:25,2,0,1
BRDA:30,3,0,1
BRDA:35,4,0,1
BRDA:56,5,0,1
BRDA:62,6,0,1
BRF:7
BRH:7
end_of_record
TN:
SF:src/modules/users/test/contexts/user-service.context.ts
FN:9,createUserRepositoryMock
FN:18,createPasswordHasherMock
FN:31,createUserServiceContext
FNF:3
FNH:3
FNDA:5,createUserRepositoryMock
FNDA:5,createPasswordHasherMock
FNDA:5,createUserServiceContext
DA:1,1
DA:2,1
DA:3,1
DA:4,1
DA:5,1
DA:6,1
DA:7,1
DA:8,1
DA:9,5
DA:10,5
DA:11,5
DA:12,5
DA:13,5
DA:14,5
DA:15,5
DA:16,5
DA:17,1
DA:18,5
DA:19,5
DA:20,5
DA:21,5
DA:22,5
DA:23,1
DA:24,1
DA:25,1
DA:26,1
DA:27,1
DA:28,1
DA:29,1
DA:30,1
DA:31,1
DA:32,5
DA:33,5
DA:34,5
DA:35,5
DA:36,5
DA:37,5
DA:38,5
DA:39,5
DA:40,5
DA:41,5
DA:42,5
DA:43,5
DA:44,5
DA:45,5
DA:46,5
DA:47,5
DA:48,5
DA:49,5
DA:50,5
DA:51,5
DA:52,5
DA:53,5
DA:54,5
LF:54
LH:54
BRDA:9,0,0,5
BRDA:18,1,0,5
BRDA:31,2,0,5
BRF:3
BRH:3
end_of_record
TN:
SF:src/modules/weather/constants/open-weather.constants.ts
FNF:0
FNH:0
DA:1,1
DA:2,1
DA:3,1
DA:4,1
DA:5,1
DA:6,1
LF:6
LH:6
BRF:0
BRH:0
end_of_record
TN:
SF:src/modules/weather/resolvers/weather.resolver.ts
FN:15,<instance_members_initializer>
FN:17,WeatherResolver
FN:27,searchCities
FN:34,getWeatherDetails
FNF:4
FNH:4
FNDA:2,<instance_members_initializer>
FNDA:2,WeatherResolver
FNDA:1,searchCities
FNDA:1,getWeatherDetails
DA:1,1
DA:2,1
DA:3,1
DA:4,1
DA:5,1
DA:6,1
DA:7,1
DA:8,1
DA:9,1
DA:10,1
DA:11,1
DA:12,1
DA:13,1
DA:14,1
DA:15,1
DA:16,2
DA:17,2
DA:18,2
DA:19,2
DA:20,2
DA:21,2
DA:22,2
DA:23,2
DA:24,2
DA:25,2
DA:26,2
DA:27,2
DA:28,1
DA:29,1
DA:30,2
DA:31,2
DA:32,2
DA:33,2
DA:34,2
DA:35,1
DA:36,1
DA:37,2
LF:37
LH:37
BRDA:15,0,0,2
BRDA:17,1,0,2
BRDA:27,2,0,1
BRDA:34,3,0,1
BRF:4
BRH:4
end_of_record
TN:
SF:src/modules/weather/services/open-weather-api.service.ts
FN:22,<instance_members_initializer>
FNF:1
FNH:0
FNDA:0,<instance_members_initializer>
DA:1,1
DA:2,1
DA:3,1
DA:4,1
DA:5,1
DA:6,1
DA:7,1
DA:8,1
DA:9,1
DA:10,1
DA:11,1
DA:12,1
DA:13,1
DA:14,1
DA:15,1
DA:16,1
DA:17,1
DA:18,1
DA:19,1
DA:20,1
DA:21,1
DA:22,1
DA:23,0
DA:24,0
DA:25,0
DA:26,0
DA:27,0
DA:28,0
DA:29,0
DA:30,0
DA:31,0
DA:32,0
DA:33,0
DA:34,0
DA:35,0
DA:36,0
DA:37,0
DA:38,0
DA:39,0
DA:40,0
DA:41,0
DA:42,0
DA:43,0
DA:44,0
DA:45,0
DA:46,0
DA:47,0
DA:48,0
DA:49,0
DA:50,0
DA:51,0
DA:52,0
DA:53,0
DA:54,0
DA:55,0
DA:56,0
DA:57,0
DA:58,0
DA:59,0
DA:60,0
DA:61,0
DA:62,0
DA:63,0
DA:64,0
DA:65,0
DA:66,0
DA:67,0
DA:68,0
DA:69,0
DA:70,0
DA:71,0
DA:72,0
DA:73,0
DA:74,0
DA:75,0
DA:76,0
LF:76
LH:22
BRDA:22,0,0,0
BRF:1
BRH:0
end_of_record
TN:
SF:src/modules/weather/services/weather.service.ts
FN:18,<instance_members_initializer>
FNF:1
FNH:0
FNDA:0,<instance_members_initializer>
DA:1,1
DA:2,1
DA:3,1
DA:4,1
DA:5,1
DA:6,1
DA:7,1
DA:8,1
DA:9,1
DA:10,1
DA:11,1
DA:12,1
DA:13,1
DA:14,1
DA:15,1
DA:16,1
DA:17,1
DA:18,1
DA:19,0
DA:20,0
DA:21,0
DA:22,0
DA:23,0
DA:24,0
DA:25,0
DA:26,0
DA:27,0
DA:28,0
DA:29,0
DA:30,0
DA:31,0
DA:32,0
DA:33,0
DA:34,0
DA:35,0
DA:36,0
DA:37,0
DA:38,0
DA:39,0
DA:40,0
DA:41,0
DA:42,0
DA:43,0
DA:44,0
DA:45,0
DA:46,0
DA:47,0
DA:48,0
DA:49,0
DA:50,0
DA:51,0
DA:52,0
DA:53,0
DA:54,0
DA:55,0
DA:56,0
DA:57,0
DA:58,0
DA:59,0
DA:60,0
DA:61,0
DA:62,0
DA:63,0
DA:64,0
DA:65,0
LF:65
LH:18
BRDA:18,0,0,0
BRF:1
BRH:0
end_of_record
TN:
SF:src/modules/weather/test/contexts/weather-resolver.context.ts
FN:11,createWeatherServiceMock
FN:25,createWeatherResolverContext
FNF:2
FNH:2
FNDA:2,createWeatherServiceMock
FNDA:2,createWeatherResolverContext
DA:1,1
DA:2,1
DA:3,1
DA:4,1
DA:5,1
DA:6,1
DA:7,1
DA:8,1
DA:9,1
DA:10,1
DA:11,2
DA:12,2
DA:13,2
DA:14,2
DA:15,2
DA:16,2
DA:17,1
DA:18,1
DA:19,1
DA:20,1
DA:21,1
DA:22,1
DA:23,1
DA:24,1
DA:25,1
DA:26,2
DA:27,2
DA:28,2
DA:29,2
DA:30,2
DA:31,2
DA:32,2
DA:33,2
DA:34,2
DA:35,2
DA:36,2
DA:37,2
DA:38,2
DA:39,2
DA:40,2
DA:41,2
DA:42,2
DA:43,2
DA:44,2
DA:45,2
DA:46,2
DA:47,2
DA:48,2
DA:49,2
DA:50,2
DA:51,2
DA:52,2
DA:53,2
DA:54,2
DA:55,2
DA:56,2
DA:57,2
DA:58,2
DA:59,2
DA:60,2
LF:60
LH:60
BRDA:11,0,0,2
BRDA:25,1,0,2
BRF:2
BRH:2
end_of_record
TN:
SF:src/modules/weather/utils/calculate-average-by.util.ts
FN:3,calculateAverageBy
FNF:1
FNH:1
FNDA:3,calculateAverageBy
DA:1,1
DA:2,1
DA:3,3
DA:4,3
DA:5,3
DA:6,3
DA:7,3
DA:8,3
LF:8
LH:8
BRDA:3,0,0,3
BRF:1
BRH:1
end_of_record
TN:
SF:src/modules/weather/utils/format-unix-time.util.ts
FN:1,formatUnixTime
FNF:1
FNH:1
FNDA:4,formatUnixTime
DA:1,1
DA:2,4
DA:3,4
DA:4,4
DA:5,4
DA:6,4
DA:7,4
DA:8,4
DA:9,4
DA:10,4
DA:11,4
LF:11
LH:11
BRDA:1,0,0,4
BRF:1
BRH:1
end_of_record
TN:
SF:src/modules/weather/utils/get-rounded-min-max.util.ts
FN:3,getRoundedMinMax
FNF:1
FNH:1
FNDA:9,getRoundedMinMax
DA:1,1
DA:2,1
DA:3,9
DA:4,9
DA:5,9
DA:6,9
DA:7,9
DA:8,9
DA:9,9
DA:10,9
DA:11,9
DA:12,9
DA:13,9
LF:13
LH:13
BRDA:3,0,0,9
BRF:1
BRH:1
end_of_record
TN:
SF:src/modules/weather/utils/get-temperature-range.util.ts
FN:4,getTemperatureRange
FNF:1
FNH:1
FNDA:3,getTemperatureRange
DA:1,1
DA:2,1
DA:3,1
DA:4,3
DA:5,3
DA:6,3
DA:7,3
DA:8,3
DA:9,3
DA:10,3
DA:11,3
DA:12,3
DA:13,3
LF:13
LH:13
BRDA:4,0,0,3
BRF:1
BRH:1
end_of_record
TN:
SF:src/modules/weather/utils/group-forecast-by-date.util.ts
FN:3,groupForecastByDate
FNF:1
FNH:1
FNDA:2,groupForecastByDate
DA:1,1
DA:2,1
DA:3,1
DA:4,2
DA:5,2
DA:6,2
DA:7,2
DA:8,3
DA:9,3
DA:10,3
DA:11,3
DA:12,3
DA:13,3
DA:14,2
DA:15,2
DA:16,3
DA:17,3
DA:18,3
DA:19,3
DA:20,3
DA:21,2
DA:22,1
LF:22
LH:22
BRDA:3,0,0,2
BRDA:7,1,0,3
BRDA:13,2,0,2
BRF:3
BRH:3
end_of_record
TN:
SF:src/modules/weather/utils/weather-mappers.ts
FN:21,mapCurrentWeather
FN:45,mapHourlyForecast
FN:61,mapDailyForecast
FN:99,mapTodayTemperatureRange
FN:117,mapWeatherPreview
FNF:5
FNH:0
FNDA:0,mapCurrentWeather
FNDA:0,mapHourlyForecast
FNDA:0,mapDailyForecast
FNDA:0,mapTodayTemperatureRange
FNDA:0,mapWeatherPreview
DA:1,1
DA:2,1
DA:3,1
DA:4,1
DA:5,1
DA:6,1
DA:7,1
DA:8,1
DA:9,1
DA:10,1
DA:11,1
DA:12,1
DA:13,1
DA:14,1
DA:15,1
DA:16,1
DA:17,1
DA:18,1
DA:19,1
DA:20,1
DA:21,0
DA:22,0
DA:23,0
DA:24,0
DA:25,0
DA:26,0
DA:27,0
DA:28,0
DA:29,0
DA:30,0
DA:31,0
DA:32,0
DA:33,0
DA:34,0
DA:35,0
DA:36,0
DA:37,0
DA:38,0
DA:39,0
DA:40,0
DA:41,0
DA:42,0
DA:43,0
DA:44,1
DA:45,0
DA:46,0
DA:47,0
DA:48,0
DA:49,0
DA:50,0
DA:51,0
DA:52,0
DA:53,0
DA:54,0
DA:55,0
DA:56,0
DA:57,0
DA:58,0
DA:59,0
DA:60,1
DA:61,0
DA:62,0
DA:63,0
DA:64,0
DA:65,0
DA:66,0
DA:67,0
DA:68,0
DA:69,0
DA:70,0
DA:71,0
DA:72,0
DA:73,0
DA:74,0
DA:75,0
DA:76,0
DA:77,0
DA:78,0
DA:79,0
DA:80,0
DA:81,0
DA:82,0
DA:83,0
DA:84,0
DA:85,0
DA:86,0
DA:87,0
DA:88,0
DA:89,0
DA:90,0
DA:91,0
DA:92,0
DA:93,0
DA:94,0
DA:95,0
DA:96,0
DA:97,0
DA:98,1
DA:99,0
DA:100,0
DA:101,0
DA:102,0
DA:103,0
DA:104,0
DA:105,0
DA:106,0
DA:107,0
DA:108,0
DA:109,0
DA:110,0
DA:111,0
DA:112,0
DA:113,0
DA:114,0
DA:115,0
DA:116,1
DA:117,0
DA:118,0
DA:119,0
DA:120,0
DA:121,0
DA:122,0
DA:123,0
DA:124,0
DA:125,0
DA:126,0
DA:127,0
DA:128,0
DA:129,0
DA:130,0
DA:131,0
DA:132,0
DA:133,0
DA:134,0
DA:135,0
DA:136,0
DA:137,0
DA:138,0
DA:139,0
DA:140,0
DA:141,0
LF:141
LH:24
BRF:0
BRH:0
end_of_record
TN:
SF:src/shared/constants.ts
FNF:0
FNH:0
DA:1,1
DA:2,1
DA:3,1
DA:4,1
DA:5,1
DA:6,1
DA:7,1
DA:8,1
DA:9,1
LF:9
LH:9
BRDA:1,0,0,1
BRDA:6,1,0,1
BRF:2
BRH:2
end_of_record
TN:
SF:src/shared/test/mocks/logger.mock.ts
FN:1,createLoggerMock
FNF:1
FNH:1
FNDA:15,createLoggerMock
DA:1,15
DA:2,15
DA:3,15
DA:4,15
DA:5,15
DA:6,15
DA:7,15
DA:8,15
DA:9,15
DA:10,15
DA:11,1
DA:12,1
LF:12
LH:12
BRDA:1,0,0,15
BRDA:8,1,0,8
BRF:2
BRH:2
end_of_record
TN:
SF:src/shared/test/utils/create-context.ts
FN:4,createContext
FNF:1
FNH:1
FNDA:21,createContext
DA:1,1
DA:2,1
DA:3,1
DA:4,1
DA:5,21
DA:6,21
DA:7,21
DA:8,21
DA:9,21
DA:10,21
DA:11,21
DA:12,21
DA:13,21
DA:14,21
DA:15,21
DA:16,21
LF:16
LH:16
BRDA:4,0,0,21
BRF:1
BRH:1
end_of_record
TN:
SF:src/shared/utils/build-connection.ts
FN:9,buildConnection
FNF:1
FNH:1
FNDA:3,buildConnection
DA:1,1
DA:2,1
DA:3,1
DA:4,1
DA:5,1
DA:6,1
DA:7,1
DA:8,1
DA:9,1
DA:10,3
DA:11,3
DA:12,3
DA:13,3
DA:14,3
DA:15,3
DA:16,3
DA:17,3
DA:18,3
DA:19,3
DA:20,3
DA:21,3
DA:22,3
DA:23,3
DA:24,3
DA:25,3
DA:26,3
DA:27,3
DA:28,3
DA:29,3
DA:30,3
DA:31,3
DA:32,3
DA:33,3
DA:34,3
DA:35,3
DA:36,3
DA:37,3
DA:38,3
DA:39,3
DA:40,3
LF:40
LH:40
BRDA:9,0,0,3
BRDA:30,1,0,2
BRDA:30,2,0,1
BRDA:18,3,0,3
BRF:4
BRH:4
end_of_record
TN:
SF:src/shared/utils/calculate-average.util.ts
FN:1,calculateAverage
FNF:1
FNH:1
FNDA:7,calculateAverage
DA:1,1
DA:2,7
DA:3,2
DA:4,2
DA:5,5
DA:6,5
DA:7,5
DA:8,5
DA:9,5
DA:10,5
DA:11,5
DA:12,5
DA:13,5
LF:13
LH:13
BRDA:1,0,0,7
BRDA:2,1,0,2
BRDA:5,2,0,5
BRDA:7,3,0,12
BRF:4
BRH:4
end_of_record
TN:
SF:src/shared/utils/create-validation-pipe.util.ts
FN:4,createValidationPipe
FN:10,exceptionFactory
FNF:2
FNH:2
FNDA:1,createValidationPipe
FNDA:1,exceptionFactory
DA:1,1
DA:2,1
DA:3,1
DA:4,1
DA:5,1
DA:6,1
DA:7,1
DA:8,1
DA:9,1
DA:10,1
DA:11,1
DA:12,1
DA:13,1
DA:14,1
DA:15,1
DA:16,1
DA:17,1
DA:18,1
DA:19,1
DA:20,1
LF:20
LH:20
BRDA:4,0,0,1
BRDA:10,1,0,1
BRDA:13,2,0,1
BRF:3
BRH:3
end_of_record
TN:
SF:src/shared/utils/decode-cursor.ts
FN:1,decodeCursor
FNF:1
FNH:1
FNDA:6,decodeCursor
DA:1,1
DA:2,6
DA:3,6
DA:4,6
DA:5,6
DA:6,6
DA:7,6
LF:7
LH:7
BRDA:1,0,0,6
BRF:1
BRH:1
end_of_record
TN:
SF:src/shared/utils/encode-cursor.ts
FN:1,encodeCursor
FNF:1
FNH:1
FNDA:3,encodeCursor
DA:1,1
DA:2,3
DA:3,3
DA:4,3
DA:5,3
DA:6,3
DA:7,3
LF:7
LH:7
BRDA:1,0,0,3
BRF:1
BRH:1
end_of_record
TN:
SF:src/shared/utils/get-min-max.util.ts
FN:6,getMinMax
FNF:1
FNH:1
FNDA:13,getMinMax
DA:1,1
DA:2,1
DA:3,1
DA:4,1
DA:5,1
DA:6,13
DA:7,13
DA:8,13
DA:9,13
DA:10,13
DA:11,4
DA:12,4
DA:13,4
DA:14,4
DA:15,4
DA:16,9
DA:17,9
DA:18,9
DA:19,9
DA:20,13
DA:21,15
DA:22,15
DA:23,15
DA:24,5
DA:25,5
DA:26,15
DA:27,15
DA:28,8
DA:29,8
DA:30,15
DA:31,9
DA:32,9
DA:33,9
LF:33
LH:33
BRDA:6,0,0,13
BRDA:10,1,0,4
BRDA:16,2,0,9
BRDA:20,3,0,15
BRDA:23,4,0,5
BRDA:27,5,0,8
BRDA:31,6,0,9
BRF:7
BRH:7
end_of_record
TN:
SF:src/shared/utils/is-primitive-value.ts
FN:1,isPrimitiveValue
FNF:1
FNH:1
FNDA:116,isPrimitiveValue
DA:1,116
DA:2,116
DA:3,116
DA:4,114
DA:5,116
DA:6,116
LF:6
LH:6
BRDA:1,0,0,116
BRDA:3,1,0,114
BRDA:4,2,0,58
BRF:3
BRH:3
end_of_record
TN:
SF:src/shared/utils/parse-ms.ts
FN:3,parseMs
FNF:1
FNH:1
FNDA:7,parseMs
DA:1,1
DA:2,1
DA:3,7
DA:4,7
DA:5,7
DA:6,7
DA:7,1
DA:8,1
DA:9,5
DA:10,5
DA:11,5
LF:11
LH:11
BRDA:3,0,0,7
BRDA:6,1,0,1
BRDA:9,2,0,5
BRF:3
BRH:3
end_of_record
